{"/mnt/e/proyectos/xTaskJS/code/src/packages/core/src/bootstrap.ts": {"path":"/mnt/e/proyectos/xTaskJS/code/src/packages/core/src/bootstrap.ts","statementMap":{"0":{"start":{"line":13,"column":0},"end":{"line":13,"column":7}},"1":{"start":{"line":18,"column":0},"end":{"line":18,"column":7}},"2":{"start":{"line":1,"column":0},"end":{"line":1,"column":26}},"3":{"start":{"line":2,"column":0},"end":{"line":2,"column":70}},"4":{"start":{"line":3,"column":0},"end":{"line":3,"column":41}},"5":{"start":{"line":4,"column":0},"end":{"line":4,"column":59}},"6":{"start":{"line":5,"column":0},"end":{"line":5,"column":71}},"7":{"start":{"line":6,"column":0},"end":{"line":6,"column":null}},"8":{"start":{"line":14,"column":16},"end":{"line":14,"column":41}},"9":{"start":{"line":15,"column":4},"end":{"line":15,"column":27}},"10":{"start":{"line":21,"column":22},"end":{"line":21,"column":48}},"11":{"start":{"line":22,"column":19},"end":{"line":22,"column":31}},"12":{"start":{"line":23,"column":22},"end":{"line":23,"column":43}},"13":{"start":{"line":24,"column":4},"end":{"line":24,"column":48}},"14":{"start":{"line":26,"column":4},"end":{"line":29,"column":7}},"15":{"start":{"line":27,"column":8},"end":{"line":27,"column":28}},"16":{"start":{"line":28,"column":8},"end":{"line":28,"column":62}},"17":{"start":{"line":31,"column":20},"end":{"line":31,"column":79}},"18":{"start":{"line":32,"column":16},"end":{"line":32,"column":72}},"19":{"start":{"line":34,"column":4},"end":{"line":36,"column":5}},"20":{"start":{"line":35,"column":8},"end":{"line":35,"column":41}},"21":{"start":{"line":38,"column":4},"end":{"line":38,"column":15}}},"fnMap":{"0":{"name":"Bootstrap","decl":{"start":{"line":13,"column":22},"end":{"line":13,"column":31}},"loc":{"start":{"line":13,"column":31},"end":{"line":16,"column":1}}},"1":{"name":"CreateApplication","decl":{"start":{"line":18,"column":22},"end":{"line":18,"column":39}},"loc":{"start":{"line":19,"column":42},"end":{"line":39,"column":1}}},"2":{"name":"(anonymous_2)","decl":{"start":{"line":26,"column":25},"end":{"line":26,"column":30}},"loc":{"start":{"line":26,"column":36},"end":{"line":29,"column":5}}}},"branchMap":{"0":{"loc":{"start":{"line":19,"column":4},"end":{"line":19,"column":42}},"type":"default-arg","locations":[{"start":{"line":19,"column":40},"end":{"line":19,"column":42}}]},"1":{"loc":{"start":{"line":34,"column":4},"end":{"line":36,"column":5}},"type":"if","locations":[{"start":{"line":34,"column":4},"end":{"line":36,"column":5}},{"start":{},"end":{}}]}},"s":{"0":2,"1":2,"2":2,"3":2,"4":2,"5":2,"6":2,"7":2,"8":1,"9":1,"10":3,"11":3,"12":3,"13":3,"14":3,"15":3,"16":3,"17":3,"18":3,"19":3,"20":1,"21":3},"f":{"0":1,"1":3,"2":3},"b":{"0":[2],"1":[1,2]}}
,"/mnt/e/proyectos/xTaskJS/code/src/packages/core/src/index.ts": {"path":"/mnt/e/proyectos/xTaskJS/code/src/packages/core/src/index.ts","statementMap":{"0":{"start":{"line":1,"column":0},"end":{"line":1,"column":26}},"1":{"start":{"line":2,"column":0},"end":{"line":2,"column":28}},"2":{"start":{"line":3,"column":0},"end":{"line":3,"column":25}},"3":{"start":{"line":4,"column":0},"end":{"line":4,"column":21}},"4":{"start":{"line":5,"column":0},"end":{"line":5,"column":25}},"5":{"start":{"line":6,"column":0},"end":{"line":6,"column":23}}},"fnMap":{},"branchMap":{},"s":{"0":1,"1":1,"2":1,"3":1,"4":1,"5":1},"f":{},"b":{}}
,"/mnt/e/proyectos/xTaskJS/code/src/packages/core/src/di/autowired.ts": {"path":"/mnt/e/proyectos/xTaskJS/code/src/packages/core/src/di/autowired.ts","statementMap":{"0":{"start":{"line":12,"column":0},"end":{"line":12,"column":16}},"1":{"start":{"line":34,"column":0},"end":{"line":34,"column":16}},"2":{"start":{"line":1,"column":0},"end":{"line":1,"column":26}},"3":{"start":{"line":3,"column":22},"end":{"line":3,"column":49}},"4":{"start":{"line":4,"column":28},"end":{"line":4,"column":61}},"5":{"start":{"line":13,"column":4},"end":{"line":31,"column":6}},"6":{"start":{"line":14,"column":21},"end":{"line":14,"column":76}},"7":{"start":{"line":15,"column":44},"end":{"line":19,"column":10}},"8":{"start":{"line":22,"column":8},"end":{"line":22,"column":77}},"9":{"start":{"line":26,"column":12},"end":{"line":26,"column":78}},"10":{"start":{"line":27,"column":8},"end":{"line":30,"column":9}},"11":{"start":{"line":28,"column":12},"end":{"line":28,"column":44}},"12":{"start":{"line":29,"column":12},"end":{"line":29,"column":91}},"13":{"start":{"line":36,"column":23},"end":{"line":36,"column":68}},"14":{"start":{"line":37,"column":27},"end":{"line":37,"column":56}},"15":{"start":{"line":39,"column":4},"end":{"line":51,"column":5}},"16":{"start":{"line":40,"column":31},"end":{"line":40,"column":107}},"17":{"start":{"line":42,"column":8},"end":{"line":47,"column":15}},"18":{"start":{"line":43,"column":33},"end":{"line":43,"column":91}},"19":{"start":{"line":44,"column":16},"end":{"line":46,"column":17}},"20":{"start":{"line":45,"column":20},"end":{"line":45,"column":51}},"21":{"start":{"line":49,"column":8},"end":{"line":49,"column":67}},"22":{"start":{"line":53,"column":4},"end":{"line":53,"column":22}}},"fnMap":{"0":{"name":"AutoWired","decl":{"start":{"line":12,"column":16},"end":{"line":12,"column":25}},"loc":{"start":{"line":12,"column":82},"end":{"line":32,"column":1}}},"1":{"name":"(anonymous_1)","decl":{"start":{"line":13,"column":11},"end":{"line":13,"column":21}},"loc":{"start":{"line":13,"column":62},"end":{"line":31,"column":5}}},"2":{"name":"getAutoWiredProperties","decl":{"start":{"line":34,"column":16},"end":{"line":34,"column":38}},"loc":{"start":{"line":34,"column":50},"end":{"line":55,"column":1}}},"3":{"name":"(anonymous_3)","decl":{"start":{"line":42,"column":31},"end":{"line":42,"column":32}},"loc":{"start":{"line":42,"column":57},"end":{"line":47,"column":13}}}},"branchMap":{"0":{"loc":{"start":{"line":12,"column":26},"end":{"line":12,"column":82}},"type":"default-arg","locations":[{"start":{"line":12,"column":80},"end":{"line":12,"column":82}}]},"1":{"loc":{"start":{"line":26,"column":12},"end":{"line":26,"column":78}},"type":"binary-expr","locations":[{"start":{"line":26,"column":12},"end":{"line":26,"column":72}},{"start":{"line":26,"column":76},"end":{"line":26,"column":78}}]},"2":{"loc":{"start":{"line":27,"column":8},"end":{"line":30,"column":9}},"type":"if","locations":[{"start":{"line":27,"column":8},"end":{"line":30,"column":9}},{"start":{},"end":{}}]},"3":{"loc":{"start":{"line":39,"column":11},"end":{"line":39,"column":68}},"type":"binary-expr","locations":[{"start":{"line":39,"column":11},"end":{"line":39,"column":27}},{"start":{"line":39,"column":31},"end":{"line":39,"column":68}}]},"4":{"loc":{"start":{"line":40,"column":31},"end":{"line":40,"column":107}},"type":"binary-expr","locations":[{"start":{"line":40,"column":31},"end":{"line":40,"column":101}},{"start":{"line":40,"column":105},"end":{"line":40,"column":107}}]},"5":{"loc":{"start":{"line":44,"column":16},"end":{"line":46,"column":17}},"type":"if","locations":[{"start":{"line":44,"column":16},"end":{"line":46,"column":17}},{"start":{},"end":{}}]},"6":{"loc":{"start":{"line":44,"column":20},"end":{"line":44,"column":53}},"type":"binary-expr","locations":[{"start":{"line":44,"column":20},"end":{"line":44,"column":28}},{"start":{"line":44,"column":32},"end":{"line":44,"column":53}}]}},"s":{"0":4,"1":4,"2":4,"3":4,"4":4,"5":3,"6":3,"7":3,"8":3,"9":3,"10":3,"11":3,"12":3,"13":16,"14":16,"15":16,"16":16,"17":16,"18":7,"19":7,"20":7,"21":16,"22":16},"f":{"0":3,"1":3,"2":16,"3":7},"b":{"0":[2],"1":[3,2],"2":[3,0],"3":[32,32],"4":[16,12],"5":[7,0],"6":[7,7]}}
,"/mnt/e/proyectos/xTaskJS/code/src/packages/core/src/di/component.js": {"path":"/mnt/e/proyectos/xTaskJS/code/src/packages/core/src/di/component.js","statementMap":{"0":{"start":{"line":2,"column":0},"end":{"line":2,"column":62}},"1":{"start":{"line":3,"column":0},"end":{"line":3,"column":46}},"2":{"start":{"line":4,"column":0},"end":{"line":4,"column":30}},"3":{"start":{"line":5,"column":0},"end":{"line":5,"column":52}},"4":{"start":{"line":6,"column":0},"end":{"line":6,"column":28}},"5":{"start":{"line":7,"column":22},"end":{"line":7,"column":49}},"6":{"start":{"line":9,"column":4},"end":{"line":11,"column":6}},"7":{"start":{"line":10,"column":8},"end":{"line":10,"column":63}},"8":{"start":{"line":14,"column":4},"end":{"line":14,"column":54}},"9":{"start":{"line":16,"column":16},"end":{"line":16,"column":46}},"10":{"start":{"line":16,"column":31},"end":{"line":16,"column":46}},"11":{"start":{"line":17,"column":0},"end":{"line":17,"column":26}},"12":{"start":{"line":18,"column":19},"end":{"line":18,"column":49}},"13":{"start":{"line":18,"column":34},"end":{"line":18,"column":49}},"14":{"start":{"line":19,"column":0},"end":{"line":19,"column":32}}},"fnMap":{"0":{"name":"Component","decl":{"start":{"line":8,"column":9},"end":{"line":8,"column":18}},"loc":{"start":{"line":8,"column":33},"end":{"line":12,"column":1}},"line":8},"1":{"name":"(anonymous_1)","decl":{"start":{"line":9,"column":11},"end":{"line":9,"column":12}},"loc":{"start":{"line":9,"column":29},"end":{"line":11,"column":5}},"line":9},"2":{"name":"getComponentMetadata","decl":{"start":{"line":13,"column":9},"end":{"line":13,"column":29}},"loc":{"start":{"line":13,"column":38},"end":{"line":15,"column":1}},"line":13},"3":{"name":"(anonymous_3)","decl":{"start":{"line":16,"column":16},"end":{"line":16,"column":17}},"loc":{"start":{"line":16,"column":31},"end":{"line":16,"column":46}},"line":16},"4":{"name":"(anonymous_4)","decl":{"start":{"line":18,"column":19},"end":{"line":18,"column":20}},"loc":{"start":{"line":18,"column":34},"end":{"line":18,"column":49}},"line":18}},"branchMap":{"0":{"loc":{"start":{"line":8,"column":19},"end":{"line":8,"column":31}},"type":"default-arg","locations":[{"start":{"line":8,"column":29},"end":{"line":8,"column":31}}],"line":8},"1":{"loc":{"start":{"line":16,"column":17},"end":{"line":16,"column":26}},"type":"default-arg","locations":[{"start":{"line":16,"column":24},"end":{"line":16,"column":26}}],"line":16},"2":{"loc":{"start":{"line":18,"column":20},"end":{"line":18,"column":29}},"type":"default-arg","locations":[{"start":{"line":18,"column":27},"end":{"line":18,"column":29}}],"line":18}},"s":{"0":9,"1":9,"2":9,"3":9,"4":9,"5":9,"6":18,"7":18,"8":0,"9":9,"10":0,"11":9,"12":9,"13":0,"14":9},"f":{"0":18,"1":18,"2":0,"3":0,"4":0},"b":{"0":[0],"1":[0],"2":[0]},"inputSourceMap":null,"_coverageSchema":"1a1c01bbd47fc00a2c39e90264f33305004495a9","hash":"68212938648020bd547fc94e72f218e3240b0f6d"}
,"/mnt/e/proyectos/xTaskJS/code/src/packages/core/src/di/container.ts": {"path":"/mnt/e/proyectos/xTaskJS/code/src/packages/core/src/di/container.ts","statementMap":{"0":{"start":{"line":1,"column":0},"end":{"line":1,"column":25}},"1":{"start":{"line":2,"column":0},"end":{"line":2,"column":70}},"2":{"start":{"line":3,"column":0},"end":{"line":3,"column":74}},"3":{"start":{"line":4,"column":0},"end":{"line":4,"column":56}},"4":{"start":{"line":5,"column":0},"end":{"line":5,"column":28}},"5":{"start":{"line":7,"column":0},"end":{"line":7,"column":35}},"6":{"start":{"line":8,"column":0},"end":{"line":8,"column":53}},"7":{"start":{"line":9,"column":0},"end":{"line":9,"column":55}},"8":{"start":{"line":10,"column":0},"end":{"line":10,"column":75}},"9":{"start":{"line":11,"column":0},"end":{"line":11,"column":89}},"10":{"start":{"line":15,"column":12},"end":{"line":15,"column":50}},"11":{"start":{"line":16,"column":12},"end":{"line":16,"column":45}},"12":{"start":{"line":17,"column":12},"end":{"line":17,"column":48}},"13":{"start":{"line":18,"column":12},"end":{"line":18,"column":51}},"14":{"start":{"line":19,"column":12},"end":{"line":19,"column":47}},"15":{"start":{"line":20,"column":12},"end":{"line":20,"column":39}},"16":{"start":{"line":21,"column":11},"end":{"line":21,"column":53}},"17":{"start":{"line":26,"column":25},"end":{"line":26,"column":53}},"18":{"start":{"line":27,"column":21},"end":{"line":27,"column":61}},"19":{"start":{"line":28,"column":22},"end":{"line":28,"column":46}},"20":{"start":{"line":30,"column":8},"end":{"line":53,"column":9}},"21":{"start":{"line":31,"column":25},"end":{"line":31,"column":40}},"22":{"start":{"line":32,"column":12},"end":{"line":32,"column":48}},"23":{"start":{"line":32,"column":39},"end":{"line":32,"column":48}},"24":{"start":{"line":33,"column":12},"end":{"line":33,"column":48}},"25":{"start":{"line":33,"column":39},"end":{"line":33,"column":48}},"26":{"start":{"line":34,"column":12},"end":{"line":34,"column":46}},"27":{"start":{"line":34,"column":37},"end":{"line":34,"column":46}},"28":{"start":{"line":35,"column":12},"end":{"line":35,"column":48}},"29":{"start":{"line":35,"column":39},"end":{"line":35,"column":48}},"30":{"start":{"line":36,"column":12},"end":{"line":36,"column":52}},"31":{"start":{"line":36,"column":43},"end":{"line":36,"column":52}},"32":{"start":{"line":37,"column":27},"end":{"line":37,"column":45}},"33":{"start":{"line":37,"column":44},"end":{"line":37,"column":45}},"34":{"start":{"line":38,"column":28},"end":{"line":38,"column":41}},"35":{"start":{"line":39,"column":31},"end":{"line":39,"column":64}},"36":{"start":{"line":40,"column":28},"end":{"line":40,"column":51}},"37":{"start":{"line":42,"column":12},"end":{"line":52,"column":13}},"38":{"start":{"line":43,"column":15},"end":{"line":51,"column":17}},"39":{"start":{"line":44,"column":38},"end":{"line":44,"column":51}},"40":{"start":{"line":45,"column":20},"end":{"line":50,"column":21}},"41":{"start":{"line":46,"column":49},"end":{"line":46,"column":66}},"42":{"start":{"line":47,"column":41},"end":{"line":47,"column":104}},"43":{"start":{"line":48,"column":41},"end":{"line":48,"column":67}},"44":{"start":{"line":49,"column":24},"end":{"line":49,"column":84}},"45":{"start":{"line":58,"column":8},"end":{"line":63,"column":9}},"46":{"start":{"line":59,"column":13},"end":{"line":59,"column":47}},"47":{"start":{"line":60,"column":35},"end":{"line":60,"column":69}},"48":{"start":{"line":61,"column":13},"end":{"line":61,"column":38}},"49":{"start":{"line":62,"column":13},"end":{"line":62,"column":57}},"50":{"start":{"line":65,"column":8},"end":{"line":67,"column":9}},"51":{"start":{"line":66,"column":12},"end":{"line":66,"column":49}},"52":{"start":{"line":69,"column":8},"end":{"line":69,"column":36}},"53":{"start":{"line":77,"column":12},"end":{"line":77,"column":66}},"54":{"start":{"line":79,"column":8},"end":{"line":81,"column":9}},"55":{"start":{"line":80,"column":12},"end":{"line":80,"column":127}},"56":{"start":{"line":80,"column":104},"end":{"line":80,"column":124}},"57":{"start":{"line":83,"column":25},"end":{"line":122,"column":5}},"58":{"start":{"line":84,"column":12},"end":{"line":87,"column":13}},"59":{"start":{"line":85,"column":39},"end":{"line":85,"column":108}},"60":{"start":{"line":85,"column":75},"end":{"line":85,"column":94}},"61":{"start":{"line":86,"column":16},"end":{"line":86,"column":101}},"62":{"start":{"line":89,"column":12},"end":{"line":89,"column":39}},"63":{"start":{"line":92,"column":12},"end":{"line":121,"column":9}},"64":{"start":{"line":93,"column":35},"end":{"line":93,"column":67}},"65":{"start":{"line":94,"column":37},"end":{"line":97,"column":18}},"66":{"start":{"line":95,"column":38},"end":{"line":95,"column":57}},"67":{"start":{"line":96,"column":20},"end":{"line":96,"column":65}},"68":{"start":{"line":99,"column":33},"end":{"line":99,"column":60}},"69":{"start":{"line":101,"column":16},"end":{"line":101,"column":53}},"70":{"start":{"line":104,"column":35},"end":{"line":104,"column":67}},"71":{"start":{"line":105,"column":16},"end":{"line":107,"column":17}},"72":{"start":{"line":106,"column":20},"end":{"line":106,"column":43}},"73":{"start":{"line":110,"column":34},"end":{"line":110,"column":63}},"74":{"start":{"line":111,"column":16},"end":{"line":116,"column":17}},"75":{"start":{"line":112,"column":20},"end":{"line":115,"column":23}},"76":{"start":{"line":114,"column":42},"end":{"line":114,"column":63}},"77":{"start":{"line":118,"column":12},"end":{"line":118,"column":28}},"78":{"start":{"line":120,"column":12},"end":{"line":120,"column":42}},"79":{"start":{"line":124,"column":4},"end":{"line":134,"column":9}},"80":{"start":{"line":125,"column":12},"end":{"line":125,"column":49}},"81":{"start":{"line":127,"column":12},"end":{"line":133,"column":null}},"82":{"start":{"line":128,"column":16},"end":{"line":131,"column":17}},"83":{"start":{"line":129,"column":37},"end":{"line":129,"column":47}},"84":{"start":{"line":130,"column":20},"end":{"line":130,"column":58}},"85":{"start":{"line":132,"column":14},"end":{"line":132,"column":49}},"86":{"start":{"line":138,"column":21},"end":{"line":138,"column":46}},"87":{"start":{"line":139,"column":8},"end":{"line":141,"column":9}},"88":{"start":{"line":140,"column":12},"end":{"line":140,"column":69}},"89":{"start":{"line":142,"column":8},"end":{"line":142,"column":30}},"90":{"start":{"line":146,"column":8},"end":{"line":148,"column":9}},"91":{"start":{"line":147,"column":12},"end":{"line":147,"column":48}},"92":{"start":{"line":149,"column":8},"end":{"line":149,"column":30}},"93":{"start":{"line":153,"column":36},"end":{"line":153,"column":68}},"94":{"start":{"line":154,"column":8},"end":{"line":168,"column":11}},"95":{"start":{"line":155,"column":12},"end":{"line":167,"column":13}},"96":{"start":{"line":157,"column":16},"end":{"line":161,"column":17}},"97":{"start":{"line":158,"column":20},"end":{"line":158,"column":63}},"98":{"start":{"line":160,"column":20},"end":{"line":160,"column":52}},"99":{"start":{"line":162,"column":16},"end":{"line":162,"column":46}},"100":{"start":{"line":164,"column":16},"end":{"line":166,"column":17}},"101":{"start":{"line":165,"column":20},"end":{"line":165,"column":132}},"102":{"start":{"line":173,"column":25},"end":{"line":173,"column":51}},"103":{"start":{"line":174,"column":8},"end":{"line":176,"column":9}},"104":{"start":{"line":175,"column":12},"end":{"line":175,"column":68}},"105":{"start":{"line":177,"column":8},"end":{"line":177,"column":26}},"106":{"start":{"line":183,"column":8},"end":{"line":183,"column":73}},"107":{"start":{"line":183,"column":55},"end":{"line":183,"column":71}},"108":{"start":{"line":184,"column":8},"end":{"line":184,"column":35}},"109":{"start":{"line":185,"column":8},"end":{"line":185,"column":32}},"110":{"start":{"line":186,"column":8},"end":{"line":186,"column":31}},"111":{"start":{"line":191,"column":32},"end":{"line":191,"column":34}},"112":{"start":{"line":192,"column":8},"end":{"line":194,"column":9}},"113":{"start":{"line":193,"column":12},"end":{"line":193,"column":27}},"114":{"start":{"line":195,"column":8},"end":{"line":204,"column":9}},"115":{"start":{"line":196,"column":25},"end":{"line":196,"column":41}},"116":{"start":{"line":197,"column":25},"end":{"line":197,"column":39}},"117":{"start":{"line":198,"column":12},"end":{"line":203,"column":13}},"118":{"start":{"line":199,"column":28},"end":{"line":199,"column":52}},"119":{"start":{"line":200,"column":16},"end":{"line":200,"column":46}},"120":{"start":{"line":201,"column":19},"end":{"line":203,"column":13}},"121":{"start":{"line":202,"column":16},"end":{"line":202,"column":35}},"122":{"start":{"line":205,"column":8},"end":{"line":205,"column":23}},"123":{"start":{"line":212,"column":8},"end":{"line":224,"column":9}},"124":{"start":{"line":214,"column":29},"end":{"line":214,"column":74}},"125":{"start":{"line":215,"column":29},"end":{"line":215,"column":73}},"126":{"start":{"line":216,"column":31},"end":{"line":216,"column":73}},"127":{"start":{"line":217,"column":27},"end":{"line":217,"column":70}},"128":{"start":{"line":219,"column":12},"end":{"line":223,"column":13}},"129":{"start":{"line":220,"column":33},"end":{"line":220,"column":47}},"130":{"start":{"line":221,"column":16},"end":{"line":221,"column":53}},"131":{"start":{"line":222,"column":16},"end":{"line":222,"column":56}},"132":{"start":{"line":14,"column":0},"end":{"line":14,"column":13}}},"fnMap":{"0":{"name":"(anonymous_9)","decl":{"start":{"line":14,"column":0},"end":{"line":14,"column":13}},"loc":{"start":{"line":14,"column":0},"end":{"line":226,"column":1}}},"1":{"name":"(anonymous_10)","decl":{"start":{"line":25,"column":4},"end":{"line":25,"column":9}},"loc":{"start":{"line":25,"column":39},"end":{"line":54,"column":5}}},"2":{"name":"(anonymous_11)","decl":{"start":{"line":37,"column":44},"end":{"line":37,"column":45}},"loc":{"start":{"line":37,"column":44},"end":{"line":37,"column":45}}},"3":{"name":"(anonymous_12)","decl":{"start":{"line":57,"column":11},"end":{"line":57,"column":27}},"loc":{"start":{"line":57,"column":79},"end":{"line":71,"column":5}}},"4":{"name":"(anonymous_13)","decl":{"start":{"line":75,"column":11},"end":{"line":75,"column":19}},"loc":{"start":{"line":75,"column":56},"end":{"line":135,"column":5}}},"5":{"name":"(anonymous_14)","decl":{"start":{"line":80,"column":99},"end":{"line":80,"column":100}},"loc":{"start":{"line":80,"column":104},"end":{"line":80,"column":124}}},"6":{"name":"(anonymous_15)","decl":{"start":{"line":83,"column":25},"end":{"line":83,"column":28}},"loc":{"start":{"line":83,"column":30},"end":{"line":122,"column":5}}},"7":{"name":"(anonymous_16)","decl":{"start":{"line":85,"column":70},"end":{"line":85,"column":71}},"loc":{"start":{"line":85,"column":75},"end":{"line":85,"column":94}}},"8":{"name":"(anonymous_17)","decl":{"start":{"line":94,"column":52},"end":{"line":94,"column":53}},"loc":{"start":{"line":94,"column":67},"end":{"line":97,"column":17}}},"9":{"name":"(anonymous_18)","decl":{"start":{"line":114,"column":36},"end":{"line":114,"column":39}},"loc":{"start":{"line":114,"column":42},"end":{"line":114,"column":63}}},"10":{"name":"(anonymous_19)","decl":{"start":{"line":127,"column":38},"end":{"line":127,"column":40}},"loc":{"start":{"line":127,"column":42},"end":{"line":133,"column":13}}},"11":{"name":"(anonymous_20)","decl":{"start":{"line":137,"column":11},"end":{"line":137,"column":20}},"loc":{"start":{"line":137,"column":36},"end":{"line":143,"column":5}}},"12":{"name":"(anonymous_21)","decl":{"start":{"line":145,"column":12},"end":{"line":145,"column":28}},"loc":{"start":{"line":145,"column":83},"end":{"line":150,"column":5}}},"13":{"name":"(anonymous_22)","decl":{"start":{"line":152,"column":12},"end":{"line":152,"column":33}},"loc":{"start":{"line":152,"column":47},"end":{"line":169,"column":5}}},"14":{"name":"(anonymous_23)","decl":{"start":{"line":154,"column":36},"end":{"line":154,"column":37}},"loc":{"start":{"line":154,"column":62},"end":{"line":168,"column":9}}},"15":{"name":"(anonymous_24)","decl":{"start":{"line":172,"column":4},"end":{"line":172,"column":7}},"loc":{"start":{"line":172,"column":44},"end":{"line":178,"column":5}}},"16":{"name":"(anonymous_25)","decl":{"start":{"line":182,"column":4},"end":{"line":182,"column":11}},"loc":{"start":{"line":182,"column":11},"end":{"line":187,"column":5}}},"17":{"name":"(anonymous_26)","decl":{"start":{"line":183,"column":48},"end":{"line":183,"column":49}},"loc":{"start":{"line":183,"column":55},"end":{"line":183,"column":71}}},"18":{"name":"(anonymous_27)","decl":{"start":{"line":190,"column":11},"end":{"line":190,"column":16}},"loc":{"start":{"line":190,"column":36},"end":{"line":206,"column":5}}},"19":{"name":"(anonymous_28)","decl":{"start":{"line":209,"column":11},"end":{"line":209,"column":37}},"loc":{"start":{"line":209,"column":46},"end":{"line":225,"column":5}}}},"branchMap":{"0":{"loc":{"start":{"line":25,"column":19},"end":{"line":25,"column":39}},"type":"default-arg","locations":[{"start":{"line":25,"column":29},"end":{"line":25,"column":39}}]},"1":{"loc":{"start":{"line":27,"column":21},"end":{"line":27,"column":61}},"type":"cond-expr","locations":[{"start":{"line":27,"column":43},"end":{"line":27,"column":50}},{"start":{"line":27,"column":53},"end":{"line":27,"column":61}}]},"2":{"loc":{"start":{"line":32,"column":12},"end":{"line":32,"column":48}},"type":"if","locations":[{"start":{"line":32,"column":12},"end":{"line":32,"column":48}},{"start":{},"end":{}}]},"3":{"loc":{"start":{"line":33,"column":12},"end":{"line":33,"column":48}},"type":"if","locations":[{"start":{"line":33,"column":12},"end":{"line":33,"column":48}},{"start":{},"end":{}}]},"4":{"loc":{"start":{"line":34,"column":12},"end":{"line":34,"column":46}},"type":"if","locations":[{"start":{"line":34,"column":12},"end":{"line":34,"column":46}},{"start":{},"end":{}}]},"5":{"loc":{"start":{"line":35,"column":12},"end":{"line":35,"column":48}},"type":"if","locations":[{"start":{"line":35,"column":12},"end":{"line":35,"column":48}},{"start":{},"end":{}}]},"6":{"loc":{"start":{"line":36,"column":12},"end":{"line":36,"column":52}},"type":"if","locations":[{"start":{"line":36,"column":12},"end":{"line":36,"column":52}},{"start":{},"end":{}}]},"7":{"loc":{"start":{"line":43,"column":15},"end":{"line":51,"column":17}},"type":"if","locations":[{"start":{"line":43,"column":15},"end":{"line":51,"column":17}},{"start":{},"end":{}}]},"8":{"loc":{"start":{"line":43,"column":19},"end":{"line":43,"column":147}},"type":"binary-expr","locations":[{"start":{"line":43,"column":19},"end":{"line":43,"column":46}},{"start":{"line":43,"column":50},"end":{"line":43,"column":79}},{"start":{"line":43,"column":83},"end":{"line":43,"column":113}},{"start":{"line":43,"column":117},"end":{"line":43,"column":147}}]},"9":{"loc":{"start":{"line":45,"column":20},"end":{"line":50,"column":21}},"type":"if","locations":[{"start":{"line":45,"column":20},"end":{"line":50,"column":21}},{"start":{},"end":{}}]},"10":{"loc":{"start":{"line":45,"column":24},"end":{"line":45,"column":54}},"type":"binary-expr","locations":[{"start":{"line":45,"column":24},"end":{"line":45,"column":33}},{"start":{"line":45,"column":37},"end":{"line":45,"column":54}}]},"11":{"loc":{"start":{"line":47,"column":41},"end":{"line":47,"column":104}},"type":"binary-expr","locations":[{"start":{"line":47,"column":41},"end":{"line":47,"column":79}},{"start":{"line":47,"column":83},"end":{"line":47,"column":104}}]},"12":{"loc":{"start":{"line":48,"column":41},"end":{"line":48,"column":67}},"type":"binary-expr","locations":[{"start":{"line":48,"column":41},"end":{"line":48,"column":54}},{"start":{"line":48,"column":58},"end":{"line":48,"column":67}}]},"13":{"loc":{"start":{"line":58,"column":8},"end":{"line":63,"column":9}},"type":"if","locations":[{"start":{"line":58,"column":8},"end":{"line":63,"column":9}},{"start":{},"end":{}}]},"14":{"loc":{"start":{"line":60,"column":35},"end":{"line":60,"column":69}},"type":"binary-expr","locations":[{"start":{"line":60,"column":35},"end":{"line":60,"column":63}},{"start":{"line":60,"column":67},"end":{"line":60,"column":69}}]},"15":{"loc":{"start":{"line":65,"column":8},"end":{"line":67,"column":9}},"type":"if","locations":[{"start":{"line":65,"column":8},"end":{"line":67,"column":9}},{"start":{},"end":{}}]},"16":{"loc":{"start":{"line":77,"column":12},"end":{"line":77,"column":66}},"type":"binary-expr","locations":[{"start":{"line":77,"column":12},"end":{"line":77,"column":60}},{"start":{"line":77,"column":64},"end":{"line":77,"column":66}}]},"17":{"loc":{"start":{"line":79,"column":8},"end":{"line":81,"column":9}},"type":"if","locations":[{"start":{"line":79,"column":8},"end":{"line":81,"column":9}},{"start":{},"end":{}}]},"18":{"loc":{"start":{"line":80,"column":104},"end":{"line":80,"column":124}},"type":"binary-expr","locations":[{"start":{"line":80,"column":104},"end":{"line":80,"column":111}},{"start":{"line":80,"column":115},"end":{"line":80,"column":124}}]},"19":{"loc":{"start":{"line":84,"column":12},"end":{"line":87,"column":13}},"type":"if","locations":[{"start":{"line":84,"column":12},"end":{"line":87,"column":13}},{"start":{},"end":{}}]},"20":{"loc":{"start":{"line":85,"column":75},"end":{"line":85,"column":94}},"type":"binary-expr","locations":[{"start":{"line":85,"column":75},"end":{"line":85,"column":81}},{"start":{"line":85,"column":85},"end":{"line":85,"column":94}}]},"21":{"loc":{"start":{"line":105,"column":16},"end":{"line":107,"column":17}},"type":"if","locations":[{"start":{"line":105,"column":16},"end":{"line":107,"column":17}},{"start":{},"end":{}}]},"22":{"loc":{"start":{"line":105,"column":20},"end":{"line":105,"column":76}},"type":"binary-expr","locations":[{"start":{"line":105,"column":20},"end":{"line":105,"column":30}},{"start":{"line":105,"column":34},"end":{"line":105,"column":76}}]},"23":{"loc":{"start":{"line":111,"column":16},"end":{"line":116,"column":17}},"type":"if","locations":[{"start":{"line":111,"column":16},"end":{"line":116,"column":17}},{"start":{},"end":{}}]},"24":{"loc":{"start":{"line":111,"column":20},"end":{"line":111,"column":74}},"type":"binary-expr","locations":[{"start":{"line":111,"column":20},"end":{"line":111,"column":29}},{"start":{"line":111,"column":33},"end":{"line":111,"column":74}}]},"25":{"loc":{"start":{"line":124,"column":4},"end":{"line":134,"column":9}},"type":"if","locations":[{"start":{"line":124,"column":4},"end":{"line":134,"column":9}},{"start":{"line":126,"column":15},"end":{"line":134,"column":9}}]},"26":{"loc":{"start":{"line":128,"column":16},"end":{"line":131,"column":17}},"type":"if","locations":[{"start":{"line":128,"column":16},"end":{"line":131,"column":17}},{"start":{},"end":{}}]},"27":{"loc":{"start":{"line":139,"column":8},"end":{"line":141,"column":9}},"type":"if","locations":[{"start":{"line":139,"column":8},"end":{"line":141,"column":9}},{"start":{},"end":{}}]},"28":{"loc":{"start":{"line":146,"column":8},"end":{"line":148,"column":9}},"type":"if","locations":[{"start":{"line":146,"column":8},"end":{"line":148,"column":9}},{"start":{},"end":{}}]},"29":{"loc":{"start":{"line":157,"column":16},"end":{"line":161,"column":17}},"type":"if","locations":[{"start":{"line":157,"column":16},"end":{"line":161,"column":17}},{"start":{"line":159,"column":23},"end":{"line":161,"column":17}}]},"30":{"loc":{"start":{"line":164,"column":16},"end":{"line":166,"column":17}},"type":"if","locations":[{"start":{"line":164,"column":16},"end":{"line":166,"column":17}},{"start":{},"end":{}}]},"31":{"loc":{"start":{"line":174,"column":8},"end":{"line":176,"column":9}},"type":"if","locations":[{"start":{"line":174,"column":8},"end":{"line":176,"column":9}},{"start":{},"end":{}}]},"32":{"loc":{"start":{"line":192,"column":8},"end":{"line":194,"column":9}},"type":"if","locations":[{"start":{"line":192,"column":8},"end":{"line":194,"column":9}},{"start":{},"end":{}}]},"33":{"loc":{"start":{"line":198,"column":12},"end":{"line":203,"column":13}},"type":"if","locations":[{"start":{"line":198,"column":12},"end":{"line":203,"column":13}},{"start":{"line":201,"column":19},"end":{"line":203,"column":13}}]},"34":{"loc":{"start":{"line":198,"column":16},"end":{"line":198,"column":42}},"type":"binary-expr","locations":[{"start":{"line":198,"column":16},"end":{"line":198,"column":20}},{"start":{"line":198,"column":24},"end":{"line":198,"column":42}}]},"35":{"loc":{"start":{"line":201,"column":19},"end":{"line":203,"column":13}},"type":"if","locations":[{"start":{"line":201,"column":19},"end":{"line":203,"column":13}},{"start":{},"end":{}}]},"36":{"loc":{"start":{"line":214,"column":29},"end":{"line":214,"column":74}},"type":"binary-expr","locations":[{"start":{"line":214,"column":29},"end":{"line":214,"column":68}},{"start":{"line":214,"column":72},"end":{"line":214,"column":74}}]},"37":{"loc":{"start":{"line":215,"column":29},"end":{"line":215,"column":73}},"type":"binary-expr","locations":[{"start":{"line":215,"column":29},"end":{"line":215,"column":67}},{"start":{"line":215,"column":71},"end":{"line":215,"column":73}}]},"38":{"loc":{"start":{"line":217,"column":27},"end":{"line":217,"column":70}},"type":"binary-expr","locations":[{"start":{"line":217,"column":27},"end":{"line":217,"column":64}},{"start":{"line":217,"column":68},"end":{"line":217,"column":70}}]},"39":{"loc":{"start":{"line":219,"column":12},"end":{"line":223,"column":13}},"type":"if","locations":[{"start":{"line":219,"column":12},"end":{"line":223,"column":13}},{"start":{},"end":{}}]},"40":{"loc":{"start":{"line":219,"column":15},"end":{"line":219,"column":93}},"type":"binary-expr","locations":[{"start":{"line":219,"column":15},"end":{"line":219,"column":34}},{"start":{"line":219,"column":38},"end":{"line":219,"column":56}},{"start":{"line":219,"column":61},"end":{"line":219,"column":71}},{"start":{"line":219,"column":75},"end":{"line":219,"column":92}}]}},"s":{"0":4,"1":4,"2":4,"3":4,"4":4,"5":4,"6":4,"7":4,"8":4,"9":4,"10":11,"11":11,"12":11,"13":11,"14":11,"15":11,"16":11,"17":0,"18":0,"19":0,"20":0,"21":0,"22":0,"23":0,"24":0,"25":0,"26":0,"27":0,"28":0,"29":0,"30":0,"31":0,"32":0,"33":0,"34":0,"35":0,"36":0,"37":0,"38":0,"39":0,"40":0,"41":0,"42":0,"43":0,"44":0,"45":3,"46":3,"47":3,"48":3,"49":3,"50":3,"51":0,"52":3,"53":15,"54":15,"55":0,"56":0,"57":15,"58":16,"59":0,"60":0,"61":0,"62":16,"63":16,"64":16,"65":16,"66":2,"67":2,"68":16,"69":16,"70":15,"71":15,"72":0,"73":15,"74":15,"75":0,"76":0,"77":15,"78":16,"79":15,"80":1,"81":14,"82":15,"83":14,"84":13,"85":14,"86":4,"87":4,"88":1,"89":3,"90":2,"91":2,"92":0,"93":16,"94":16,"95":6,"96":6,"97":0,"98":6,"99":4,"100":2,"101":1,"102":20,"103":20,"104":3,"105":17,"106":0,"107":0,"108":0,"109":0,"110":0,"111":0,"112":0,"113":0,"114":0,"115":0,"116":0,"117":0,"118":0,"119":0,"120":0,"121":0,"122":0,"123":0,"124":0,"125":0,"126":0,"127":0,"128":0,"129":0,"130":0,"131":0,"132":4},"f":{"0":11,"1":0,"2":0,"3":3,"4":15,"5":0,"6":16,"7":0,"8":2,"9":0,"10":15,"11":4,"12":2,"13":16,"14":6,"15":20,"16":0,"17":0,"18":0,"19":0},"b":{"0":[0],"1":[0,0],"2":[0,0],"3":[0,0],"4":[0,0],"5":[0,0],"6":[0,0],"7":[0,0],"8":[0,0,0,0],"9":[0,0],"10":[0,0],"11":[0,0],"12":[0,0],"13":[3,0],"14":[3,3],"15":[0,3],"16":[15,14],"17":[0,15],"18":[0,0],"19":[0,16],"20":[0,0],"21":[0,15],"22":[15,0],"23":[0,15],"24":[15,0],"25":[1,14],"26":[14,1],"27":[1,3],"28":[2,0],"29":[0,6],"30":[1,1],"31":[3,17],"32":[0,0],"33":[0,0],"34":[0,0],"35":[0,0],"36":[0,0],"37":[0,0],"38":[0,0],"39":[0,0],"40":[0,0,0,0]}}
,"/mnt/e/proyectos/xTaskJS/code/src/packages/core/src/di/index.ts": {"path":"/mnt/e/proyectos/xTaskJS/code/src/packages/core/src/di/index.ts","statementMap":{"0":{"start":{"line":1,"column":0},"end":{"line":1,"column":8}},"1":{"start":{"line":1,"column":8},"end":{"line":1,"column":55}},"2":{"start":{"line":2,"column":0},"end":{"line":2,"column":8}},"3":{"start":{"line":2,"column":8},"end":{"line":2,"column":37}},"4":{"start":{"line":3,"column":0},"end":{"line":3,"column":27}},"5":{"start":{"line":5,"column":0},"end":{"line":5,"column":8}},"6":{"start":{"line":5,"column":8},"end":{"line":5,"column":48}},"7":{"start":{"line":6,"column":0},"end":{"line":6,"column":29}},"8":{"start":{"line":7,"column":0},"end":{"line":7,"column":27}},"9":{"start":{"line":8,"column":0},"end":{"line":8,"column":27}}},"fnMap":{"0":{"name":"(anonymous_4)","decl":{"start":{"line":1,"column":8},"end":{"line":1,"column":17}},"loc":{"start":{"line":1,"column":8},"end":{"line":1,"column":55}}},"1":{"name":"(anonymous_5)","decl":{"start":{"line":2,"column":8},"end":{"line":2,"column":17}},"loc":{"start":{"line":2,"column":8},"end":{"line":2,"column":37}}},"2":{"name":"(anonymous_6)","decl":{"start":{"line":5,"column":8},"end":{"line":5,"column":28}},"loc":{"start":{"line":5,"column":8},"end":{"line":5,"column":48}}}},"branchMap":{},"s":{"0":4,"1":4,"2":4,"3":15,"4":4,"5":4,"6":4,"7":4,"8":4,"9":4},"f":{"0":0,"1":11,"2":0},"b":{}}
,"/mnt/e/proyectos/xTaskJS/code/src/packages/core/src/di/lifecycle.js": {"path":"/mnt/e/proyectos/xTaskJS/code/src/packages/core/src/di/lifecycle.js","statementMap":{"0":{"start":{"line":2,"column":0},"end":{"line":2,"column":62}},"1":{"start":{"line":3,"column":0},"end":{"line":3,"column":62}},"2":{"start":{"line":4,"column":0},"end":{"line":4,"column":38}},"3":{"start":{"line":5,"column":0},"end":{"line":5,"column":32}},"4":{"start":{"line":6,"column":0},"end":{"line":6,"column":56}},"5":{"start":{"line":7,"column":0},"end":{"line":7,"column":50}},"6":{"start":{"line":8,"column":0},"end":{"line":8,"column":28}},"7":{"start":{"line":9,"column":0},"end":{"line":9,"column":54}},"8":{"start":{"line":10,"column":0},"end":{"line":10,"column":48}},"9":{"start":{"line":12,"column":4},"end":{"line":14,"column":6}},"10":{"start":{"line":13,"column":8},"end":{"line":13,"column":80}},"11":{"start":{"line":18,"column":4},"end":{"line":20,"column":6}},"12":{"start":{"line":19,"column":8},"end":{"line":19,"column":77}},"13":{"start":{"line":23,"column":4},"end":{"line":23,"column":67}},"14":{"start":{"line":26,"column":4},"end":{"line":26,"column":64}}},"fnMap":{"0":{"name":"PostConstruct","decl":{"start":{"line":11,"column":9},"end":{"line":11,"column":22}},"loc":{"start":{"line":11,"column":25},"end":{"line":15,"column":1}},"line":11},"1":{"name":"(anonymous_1)","decl":{"start":{"line":12,"column":11},"end":{"line":12,"column":12}},"loc":{"start":{"line":12,"column":42},"end":{"line":14,"column":5}},"line":12},"2":{"name":"PreDestroy","decl":{"start":{"line":17,"column":9},"end":{"line":17,"column":19}},"loc":{"start":{"line":17,"column":22},"end":{"line":21,"column":1}},"line":17},"3":{"name":"(anonymous_3)","decl":{"start":{"line":18,"column":11},"end":{"line":18,"column":12}},"loc":{"start":{"line":18,"column":42},"end":{"line":20,"column":5}},"line":18},"4":{"name":"getPostConstructMethod","decl":{"start":{"line":22,"column":9},"end":{"line":22,"column":31}},"loc":{"start":{"line":22,"column":40},"end":{"line":24,"column":1}},"line":22},"5":{"name":"getPreDestroyMethod","decl":{"start":{"line":25,"column":9},"end":{"line":25,"column":28}},"loc":{"start":{"line":25,"column":37},"end":{"line":27,"column":1}},"line":25}},"branchMap":{},"s":{"0":9,"1":9,"2":9,"3":9,"4":9,"5":9,"6":9,"7":9,"8":9,"9":9,"10":9,"11":0,"12":0,"13":15,"14":15},"f":{"0":9,"1":9,"2":0,"3":0,"4":15,"5":15},"b":{},"inputSourceMap":null,"_coverageSchema":"1a1c01bbd47fc00a2c39e90264f33305004495a9","hash":"3296ecab5b463a42aeaa3e69d0f4df62dbb6c871"}
,"/mnt/e/proyectos/xTaskJS/code/src/packages/core/src/di/qualifier.ts": {"path":"/mnt/e/proyectos/xTaskJS/code/src/packages/core/src/di/qualifier.ts","statementMap":{"0":{"start":{"line":5,"column":0},"end":{"line":5,"column":16}},"1":{"start":{"line":16,"column":0},"end":{"line":16,"column":16}},"2":{"start":{"line":23,"column":0},"end":{"line":23,"column":16}},"3":{"start":{"line":1,"column":0},"end":{"line":1,"column":26}},"4":{"start":{"line":3,"column":22},"end":{"line":3,"column":49}},"5":{"start":{"line":6,"column":4},"end":{"line":13,"column":6}},"6":{"start":{"line":7,"column":8},"end":{"line":12,"column":9}},"7":{"start":{"line":9,"column":39},"end":{"line":9,"column":87}},"8":{"start":{"line":10,"column":12},"end":{"line":10,"column":54}},"9":{"start":{"line":11,"column":12},"end":{"line":11,"column":78}},"10":{"start":{"line":17,"column":4},"end":{"line":19,"column":5}},"11":{"start":{"line":18,"column":8},"end":{"line":18,"column":71}},"12":{"start":{"line":20,"column":4},"end":{"line":20,"column":21}},"13":{"start":{"line":24,"column":4},"end":{"line":24,"column":54}}},"fnMap":{"0":{"name":"Qualifier","decl":{"start":{"line":5,"column":16},"end":{"line":5,"column":25}},"loc":{"start":{"line":5,"column":38},"end":{"line":14,"column":1}}},"1":{"name":"(anonymous_1)","decl":{"start":{"line":6,"column":11},"end":{"line":6,"column":21}},"loc":{"start":{"line":6,"column":99},"end":{"line":13,"column":5}}},"2":{"name":"getQualifier","decl":{"start":{"line":16,"column":16},"end":{"line":16,"column":28}},"loc":{"start":{"line":16,"column":71},"end":{"line":21,"column":1}}},"3":{"name":"getConstructorQualifiers","decl":{"start":{"line":23,"column":16},"end":{"line":23,"column":40}},"loc":{"start":{"line":23,"column":52},"end":{"line":25,"column":1}}}},"branchMap":{"0":{"loc":{"start":{"line":7,"column":8},"end":{"line":12,"column":9}},"type":"if","locations":[{"start":{"line":7,"column":8},"end":{"line":12,"column":9}},{"start":{},"end":{}}]},"1":{"loc":{"start":{"line":9,"column":39},"end":{"line":9,"column":87}},"type":"binary-expr","locations":[{"start":{"line":9,"column":39},"end":{"line":9,"column":81}},{"start":{"line":9,"column":85},"end":{"line":9,"column":87}}]},"2":{"loc":{"start":{"line":17,"column":4},"end":{"line":19,"column":5}},"type":"if","locations":[{"start":{"line":17,"column":4},"end":{"line":19,"column":5}},{"start":{},"end":{}}]}},"s":{"0":4,"1":4,"2":4,"3":4,"4":4,"5":2,"6":2,"7":2,"8":2,"9":2,"10":0,"11":0,"12":0,"13":16},"f":{"0":2,"1":2,"2":0,"3":16},"b":{"0":[2,0],"1":[2,1],"2":[0,0]}}
,"/mnt/e/proyectos/xTaskJS/code/src/packages/core/src/di/stereotypes.js": {"path":"/mnt/e/proyectos/xTaskJS/code/src/packages/core/src/di/stereotypes.js","statementMap":{"0":{"start":{"line":2,"column":0},"end":{"line":2,"column":62}},"1":{"start":{"line":3,"column":0},"end":{"line":3,"column":67}},"2":{"start":{"line":4,"column":20},"end":{"line":4,"column":42}},"3":{"start":{"line":5,"column":16},"end":{"line":5,"column":93}},"4":{"start":{"line":5,"column":34},"end":{"line":5,"column":93}},"5":{"start":{"line":6,"column":0},"end":{"line":6,"column":26}},"6":{"start":{"line":7,"column":19},"end":{"line":7,"column":99}},"7":{"start":{"line":7,"column":37},"end":{"line":7,"column":99}},"8":{"start":{"line":8,"column":0},"end":{"line":8,"column":32}},"9":{"start":{"line":9,"column":19},"end":{"line":9,"column":99}},"10":{"start":{"line":9,"column":37},"end":{"line":9,"column":99}},"11":{"start":{"line":10,"column":0},"end":{"line":10,"column":32}}},"fnMap":{"0":{"name":"(anonymous_0)","decl":{"start":{"line":5,"column":16},"end":{"line":5,"column":17}},"loc":{"start":{"line":5,"column":34},"end":{"line":5,"column":93}},"line":5},"1":{"name":"(anonymous_1)","decl":{"start":{"line":7,"column":19},"end":{"line":7,"column":20}},"loc":{"start":{"line":7,"column":37},"end":{"line":7,"column":99}},"line":7},"2":{"name":"(anonymous_2)","decl":{"start":{"line":9,"column":19},"end":{"line":9,"column":20}},"loc":{"start":{"line":9,"column":37},"end":{"line":9,"column":99}},"line":9}},"branchMap":{"0":{"loc":{"start":{"line":5,"column":17},"end":{"line":5,"column":29}},"type":"default-arg","locations":[{"start":{"line":5,"column":27},"end":{"line":5,"column":29}}],"line":5},"1":{"loc":{"start":{"line":7,"column":20},"end":{"line":7,"column":32}},"type":"default-arg","locations":[{"start":{"line":7,"column":30},"end":{"line":7,"column":32}}],"line":7},"2":{"loc":{"start":{"line":9,"column":20},"end":{"line":9,"column":32}},"type":"default-arg","locations":[{"start":{"line":9,"column":30},"end":{"line":9,"column":32}}],"line":9}},"s":{"0":9,"1":9,"2":9,"3":9,"4":18,"5":9,"6":9,"7":0,"8":9,"9":9,"10":0,"11":9},"f":{"0":18,"1":0,"2":0},"b":{"0":[7],"1":[0],"2":[0]},"inputSourceMap":null,"_coverageSchema":"1a1c01bbd47fc00a2c39e90264f33305004495a9","hash":"49e9381e0d69c0b265b795d30317ae316f8fbfc2"}
,"/mnt/e/proyectos/xTaskJS/code/src/packages/core/src/http/application.ts": {"path":"/mnt/e/proyectos/xTaskJS/code/src/packages/core/src/http/application.ts","statementMap":{"0":{"start":{"line":154,"column":0},"end":{"line":154,"column":16}},"1":{"start":{"line":181,"column":0},"end":{"line":181,"column":7}},"2":{"start":{"line":5,"column":0},"end":{"line":5,"column":51}},"3":{"start":{"line":6,"column":0},"end":{"line":6,"column":51}},"4":{"start":{"line":7,"column":0},"end":{"line":7,"column":54}},"5":{"start":{"line":23,"column":58},"end":{"line":26,"column":2}},"6":{"start":{"line":28,"column":31},"end":{"line":33,"column":2}},"7":{"start":{"line":30,"column":35},"end":{"line":33,"column":2}},"8":{"start":{"line":35,"column":22},"end":{"line":40,"column":1}},"9":{"start":{"line":36,"column":2},"end":{"line":38,"column":3}},"10":{"start":{"line":37,"column":4},"end":{"line":37,"column":23}},"11":{"start":{"line":39,"column":2},"end":{"line":39,"column":14}},"12":{"start":{"line":42,"column":22},"end":{"line":47,"column":1}},"13":{"start":{"line":43,"column":2},"end":{"line":45,"column":3}},"14":{"start":{"line":44,"column":4},"end":{"line":44,"column":15}},"15":{"start":{"line":46,"column":2},"end":{"line":46,"column":78}},"16":{"start":{"line":49,"column":29},"end":{"line":51,"column":1}},"17":{"start":{"line":50,"column":2},"end":{"line":50,"column":99}},"18":{"start":{"line":63,"column":4},"end":{"line":63,"column":34}},"19":{"start":{"line":64,"column":4},"end":{"line":64,"column":38}},"20":{"start":{"line":65,"column":4},"end":{"line":65,"column":32}},"21":{"start":{"line":66,"column":4},"end":{"line":66,"column":73}},"22":{"start":{"line":75,"column":4},"end":{"line":127,"column":5}},"23":{"start":{"line":76,"column":21},"end":{"line":76,"column":104}},"24":{"start":{"line":77,"column":6},"end":{"line":79,"column":7}},"25":{"start":{"line":78,"column":8},"end":{"line":78,"column":15}},"26":{"start":{"line":81,"column":6},"end":{"line":85,"column":7}},"27":{"start":{"line":82,"column":8},"end":{"line":82,"column":29}},"28":{"start":{"line":83,"column":8},"end":{"line":83,"column":20}},"29":{"start":{"line":84,"column":8},"end":{"line":84,"column":15}},"30":{"start":{"line":87,"column":6},"end":{"line":96,"column":7}},"31":{"start":{"line":88,"column":8},"end":{"line":91,"column":9}},"32":{"start":{"line":89,"column":10},"end":{"line":89,"column":27}},"33":{"start":{"line":90,"column":10},"end":{"line":90,"column":17}},"34":{"start":{"line":92,"column":8},"end":{"line":92,"column":47}},"35":{"start":{"line":93,"column":8},"end":{"line":93,"column":60}},"36":{"start":{"line":94,"column":8},"end":{"line":94,"column":42}},"37":{"start":{"line":95,"column":8},"end":{"line":95,"column":15}},"38":{"start":{"line":98,"column":6},"end":{"line":98,"column":45}},"39":{"start":{"line":99,"column":6},"end":{"line":102,"column":7}},"40":{"start":{"line":100,"column":8},"end":{"line":100,"column":25}},"41":{"start":{"line":101,"column":8},"end":{"line":101,"column":15}},"42":{"start":{"line":103,"column":6},"end":{"line":103,"column":32}},"43":{"start":{"line":105,"column":6},"end":{"line":107,"column":7}},"44":{"start":{"line":106,"column":8},"end":{"line":106,"column":15}},"45":{"start":{"line":109,"column":6},"end":{"line":117,"column":7}},"46":{"start":{"line":110,"column":8},"end":{"line":113,"column":9}},"47":{"start":{"line":111,"column":10},"end":{"line":111,"column":44}},"48":{"start":{"line":112,"column":10},"end":{"line":112,"column":17}},"49":{"start":{"line":114,"column":8},"end":{"line":114,"column":29}},"50":{"start":{"line":115,"column":8},"end":{"line":115,"column":31}},"51":{"start":{"line":116,"column":8},"end":{"line":116,"column":15}},"52":{"start":{"line":119,"column":6},"end":{"line":122,"column":7}},"53":{"start":{"line":120,"column":8},"end":{"line":120,"column":90}},"54":{"start":{"line":121,"column":8},"end":{"line":121,"column":15}},"55":{"start":{"line":124,"column":6},"end":{"line":124,"column":27}},"56":{"start":{"line":125,"column":6},"end":{"line":125,"column":58}},"57":{"start":{"line":126,"column":6},"end":{"line":126,"column":93}},"58":{"start":{"line":131,"column":26},"end":{"line":131,"column":57}},"59":{"start":{"line":132,"column":4},"end":{"line":132,"column":45}},"60":{"start":{"line":134,"column":4},"end":{"line":138,"column":5}},"61":{"start":{"line":135,"column":26},"end":{"line":135,"column":59}},"62":{"start":{"line":136,"column":18},"end":{"line":136,"column":63}},"63":{"start":{"line":137,"column":6},"end":{"line":137,"column":87}},"64":{"start":{"line":142,"column":4},"end":{"line":142,"column":31}},"65":{"start":{"line":146,"column":4},"end":{"line":146,"column":23}},"66":{"start":{"line":150,"column":4},"end":{"line":150,"column":26}},"67":{"start":{"line":53,"column":0},"end":{"line":53,"column":13}},"68":{"start":{"line":158,"column":2},"end":{"line":160,"column":3}},"69":{"start":{"line":159,"column":4},"end":{"line":159,"column":19}},"70":{"start":{"line":162,"column":2},"end":{"line":164,"column":3}},"71":{"start":{"line":163,"column":4},"end":{"line":163,"column":33}},"72":{"start":{"line":166,"column":2},"end":{"line":168,"column":3}},"73":{"start":{"line":167,"column":4},"end":{"line":167,"column":97}},"74":{"start":{"line":170,"column":2},"end":{"line":172,"column":3}},"75":{"start":{"line":171,"column":4},"end":{"line":171,"column":47}},"76":{"start":{"line":174,"column":2},"end":{"line":176,"column":3}},"77":{"start":{"line":175,"column":4},"end":{"line":175,"column":47}},"78":{"start":{"line":178,"column":2},"end":{"line":178,"column":58}},"79":{"start":{"line":185,"column":31},"end":{"line":185,"column":58}},"80":{"start":{"line":186,"column":2},"end":{"line":186,"column":50}}},"fnMap":{"0":{"name":"(anonymous_0)","decl":{"start":{"line":28,"column":31},"end":{"line":28,"column":null}},"loc":{"start":{"line":30,"column":35},"end":{"line":33,"column":2}}},"1":{"name":"(anonymous_1)","decl":{"start":{"line":35,"column":22},"end":{"line":35,"column":23}},"loc":{"start":{"line":35,"column":47},"end":{"line":40,"column":1}}},"2":{"name":"(anonymous_2)","decl":{"start":{"line":42,"column":22},"end":{"line":42,"column":23}},"loc":{"start":{"line":42,"column":48},"end":{"line":47,"column":1}}},"3":{"name":"(anonymous_3)","decl":{"start":{"line":49,"column":29},"end":{"line":49,"column":30}},"loc":{"start":{"line":49,"column":44},"end":{"line":51,"column":1}}},"4":{"name":"(anonymous_4)","decl":{"start":{"line":58,"column":2},"end":{"line":58,"column":14}},"loc":{"start":{"line":62,"column":3},"end":{"line":67,"column":3}}},"5":{"name":"(anonymous_5)","decl":{"start":{"line":69,"column":10},"end":{"line":69,"column":15}},"loc":{"start":{"line":73,"column":25},"end":{"line":128,"column":3}}},"6":{"name":"(anonymous_6)","decl":{"start":{"line":130,"column":2},"end":{"line":130,"column":7}},"loc":{"start":{"line":130,"column":42},"end":{"line":139,"column":3}}},"7":{"name":"(anonymous_7)","decl":{"start":{"line":141,"column":2},"end":{"line":141,"column":7}},"loc":{"start":{"line":141,"column":13},"end":{"line":143,"column":3}}},"8":{"name":"(anonymous_8)","decl":{"start":{"line":145,"column":2},"end":{"line":145,"column":11}},"loc":{"start":{"line":145,"column":11},"end":{"line":147,"column":3}}},"9":{"name":"(anonymous_9)","decl":{"start":{"line":149,"column":2},"end":{"line":149,"column":14}},"loc":{"start":{"line":149,"column":14},"end":{"line":151,"column":3}}},"10":{"name":"createHttpAdapter","decl":{"start":{"line":154,"column":16},"end":{"line":154,"column":33}},"loc":{"start":{"line":156,"column":23},"end":{"line":179,"column":1}}},"11":{"name":"registerContainerInLifecycle","decl":{"start":{"line":181,"column":22},"end":{"line":181,"column":50}},"loc":{"start":{"line":183,"column":33},"end":{"line":187,"column":1}}}},"branchMap":{"0":{"loc":{"start":{"line":31,"column":8},"end":{"line":31,"column":50}},"type":"binary-expr","locations":[{"start":{"line":31,"column":8},"end":{"line":31,"column":21}},{"start":{"line":31,"column":25},"end":{"line":31,"column":50}}]},"1":{"loc":{"start":{"line":32,"column":8},"end":{"line":32,"column":50}},"type":"binary-expr","locations":[{"start":{"line":32,"column":8},"end":{"line":32,"column":21}},{"start":{"line":32,"column":25},"end":{"line":32,"column":50}}]},"2":{"loc":{"start":{"line":36,"column":2},"end":{"line":38,"column":3}},"type":"if","locations":[{"start":{"line":36,"column":2},"end":{"line":38,"column":3}},{"start":{},"end":{}}]},"3":{"loc":{"start":{"line":36,"column":6},"end":{"line":36,"column":41}},"type":"binary-expr","locations":[{"start":{"line":36,"column":6},"end":{"line":36,"column":24}},{"start":{"line":36,"column":28},"end":{"line":36,"column":41}}]},"4":{"loc":{"start":{"line":43,"column":2},"end":{"line":45,"column":3}},"type":"if","locations":[{"start":{"line":43,"column":2},"end":{"line":45,"column":3}},{"start":{},"end":{}}]},"5":{"loc":{"start":{"line":43,"column":6},"end":{"line":43,"column":29}},"type":"binary-expr","locations":[{"start":{"line":43,"column":6},"end":{"line":43,"column":12}},{"start":{"line":43,"column":16},"end":{"line":43,"column":29}}]},"6":{"loc":{"start":{"line":46,"column":9},"end":{"line":46,"column":77}},"type":"cond-expr","locations":[{"start":{"line":46,"column":51},"end":{"line":46,"column":69}},{"start":{"line":46,"column":72},"end":{"line":46,"column":77}}]},"7":{"loc":{"start":{"line":46,"column":9},"end":{"line":46,"column":48}},"type":"binary-expr","locations":[{"start":{"line":46,"column":9},"end":{"line":46,"column":28}},{"start":{"line":46,"column":32},"end":{"line":46,"column":48}}]},"8":{"loc":{"start":{"line":50,"column":9},"end":{"line":50,"column":98}},"type":"binary-expr","locations":[{"start":{"line":50,"column":9},"end":{"line":50,"column":43}},{"start":{"line":50,"column":47},"end":{"line":50,"column":98}}]},"9":{"loc":{"start":{"line":77,"column":6},"end":{"line":79,"column":7}},"type":"if","locations":[{"start":{"line":77,"column":6},"end":{"line":79,"column":7}},{"start":{},"end":{}}]},"10":{"loc":{"start":{"line":81,"column":6},"end":{"line":85,"column":7}},"type":"if","locations":[{"start":{"line":81,"column":6},"end":{"line":85,"column":7}},{"start":{},"end":{}}]},"11":{"loc":{"start":{"line":87,"column":6},"end":{"line":96,"column":7}},"type":"if","locations":[{"start":{"line":87,"column":6},"end":{"line":96,"column":7}},{"start":{},"end":{}}]},"12":{"loc":{"start":{"line":88,"column":8},"end":{"line":91,"column":9}},"type":"if","locations":[{"start":{"line":88,"column":8},"end":{"line":91,"column":9}},{"start":{},"end":{}}]},"13":{"loc":{"start":{"line":92,"column":25},"end":{"line":92,"column":46}},"type":"binary-expr","locations":[{"start":{"line":92,"column":25},"end":{"line":92,"column":39}},{"start":{"line":92,"column":43},"end":{"line":92,"column":46}}]},"14":{"loc":{"start":{"line":98,"column":23},"end":{"line":98,"column":44}},"type":"binary-expr","locations":[{"start":{"line":98,"column":23},"end":{"line":98,"column":37}},{"start":{"line":98,"column":41},"end":{"line":98,"column":44}}]},"15":{"loc":{"start":{"line":99,"column":6},"end":{"line":102,"column":7}},"type":"if","locations":[{"start":{"line":99,"column":6},"end":{"line":102,"column":7}},{"start":{},"end":{}}]},"16":{"loc":{"start":{"line":105,"column":6},"end":{"line":107,"column":7}},"type":"if","locations":[{"start":{"line":105,"column":6},"end":{"line":107,"column":7}},{"start":{},"end":{}}]},"17":{"loc":{"start":{"line":109,"column":6},"end":{"line":117,"column":7}},"type":"if","locations":[{"start":{"line":109,"column":6},"end":{"line":117,"column":7}},{"start":{},"end":{}}]},"18":{"loc":{"start":{"line":110,"column":8},"end":{"line":113,"column":9}},"type":"if","locations":[{"start":{"line":110,"column":8},"end":{"line":113,"column":9}},{"start":{},"end":{}}]},"19":{"loc":{"start":{"line":110,"column":12},"end":{"line":110,"column":78}},"type":"binary-expr","locations":[{"start":{"line":110,"column":12},"end":{"line":110,"column":44}},{"start":{"line":110,"column":48},"end":{"line":110,"column":78}}]},"20":{"loc":{"start":{"line":119,"column":6},"end":{"line":122,"column":7}},"type":"if","locations":[{"start":{"line":119,"column":6},"end":{"line":122,"column":7}},{"start":{},"end":{}}]},"21":{"loc":{"start":{"line":119,"column":10},"end":{"line":119,"column":76}},"type":"binary-expr","locations":[{"start":{"line":119,"column":10},"end":{"line":119,"column":42}},{"start":{"line":119,"column":46},"end":{"line":119,"column":76}}]},"22":{"loc":{"start":{"line":134,"column":4},"end":{"line":138,"column":5}},"type":"if","locations":[{"start":{"line":134,"column":4},"end":{"line":138,"column":5}},{"start":{},"end":{}}]},"23":{"loc":{"start":{"line":155,"column":2},"end":{"line":155,"column":54}},"type":"default-arg","locations":[{"start":{"line":155,"column":43},"end":{"line":155,"column":54}}]},"24":{"loc":{"start":{"line":158,"column":2},"end":{"line":160,"column":3}},"type":"if","locations":[{"start":{"line":158,"column":2},"end":{"line":160,"column":3}},{"start":{},"end":{}}]},"25":{"loc":{"start":{"line":162,"column":2},"end":{"line":164,"column":3}},"type":"if","locations":[{"start":{"line":162,"column":2},"end":{"line":164,"column":3}},{"start":{},"end":{}}]},"26":{"loc":{"start":{"line":166,"column":2},"end":{"line":168,"column":3}},"type":"if","locations":[{"start":{"line":166,"column":2},"end":{"line":168,"column":3}},{"start":{},"end":{}}]},"27":{"loc":{"start":{"line":170,"column":2},"end":{"line":172,"column":3}},"type":"if","locations":[{"start":{"line":170,"column":2},"end":{"line":172,"column":3}},{"start":{},"end":{}}]},"28":{"loc":{"start":{"line":174,"column":2},"end":{"line":176,"column":3}},"type":"if","locations":[{"start":{"line":174,"column":2},"end":{"line":176,"column":3}},{"start":{},"end":{}}]}},"s":{"0":2,"1":2,"2":2,"3":2,"4":2,"5":2,"6":2,"7":1,"8":2,"9":1,"10":1,"11":0,"12":2,"13":7,"14":0,"15":7,"16":2,"17":2,"18":11,"19":11,"20":11,"21":11,"22":7,"23":7,"24":5,"25":1,"26":4,"27":1,"28":1,"29":1,"30":3,"31":2,"32":1,"33":1,"34":1,"35":1,"36":1,"37":1,"38":1,"39":1,"40":1,"41":1,"42":0,"43":2,"44":0,"45":2,"46":1,"47":1,"48":1,"49":0,"50":0,"51":0,"52":1,"53":1,"54":1,"55":0,"56":0,"57":0,"58":1,"59":1,"60":1,"61":1,"62":1,"63":1,"64":1,"65":1,"66":1,"67":2,"68":6,"69":1,"70":5,"71":1,"72":4,"73":1,"74":3,"75":1,"76":2,"77":1,"78":1,"79":1,"80":1},"f":{"0":1,"1":1,"2":7,"3":2,"4":11,"5":7,"6":1,"7":1,"8":1,"9":1,"10":6,"11":1},"b":{"0":[1,0],"1":[1,0],"2":[1,0],"3":[1,0],"4":[0,7],"5":[7,7],"6":[0,7],"7":[7,0],"8":[2,2],"9":[1,4],"10":[1,3],"11":[2,1],"12":[1,1],"13":[1,1],"14":[1,1],"15":[1,0],"16":[0,2],"17":[1,1],"18":[1,0],"19":[1,1],"20":[1,0],"21":[1,1],"22":[1,0],"23":[1],"24":[1,5],"25":[1,4],"26":[1,3],"27":[1,2],"28":[1,1]}}
,"/mnt/e/proyectos/xTaskJS/code/src/packages/core/src/http/express-adapter.ts": {"path":"/mnt/e/proyectos/xTaskJS/code/src/packages/core/src/http/express-adapter.ts","statementMap":{"0":{"start":{"line":4,"column":40},"end":{"line":4,"column":74}},"1":{"start":{"line":7,"column":18},"end":{"line":7,"column":44}},"2":{"start":{"line":12,"column":4},"end":{"line":14,"column":5}},"3":{"start":{"line":13,"column":6},"end":{"line":13,"column":78}},"4":{"start":{"line":15,"column":4},"end":{"line":15,"column":19}},"5":{"start":{"line":19,"column":4},"end":{"line":27,"column":7}},"6":{"start":{"line":20,"column":21},"end":{"line":20,"column":70}},"7":{"start":{"line":21,"column":6},"end":{"line":24,"column":7}},"8":{"start":{"line":22,"column":8},"end":{"line":22,"column":51}},"9":{"start":{"line":23,"column":8},"end":{"line":23,"column":15}},"10":{"start":{"line":25,"column":19},"end":{"line":25,"column":45}},"11":{"start":{"line":26,"column":6},"end":{"line":26,"column":44}},"12":{"start":{"line":31,"column":4},"end":{"line":39,"column":7}},"13":{"start":{"line":32,"column":6},"end":{"line":38,"column":9}},"14":{"start":{"line":33,"column":8},"end":{"line":36,"column":9}},"15":{"start":{"line":34,"column":10},"end":{"line":34,"column":24}},"16":{"start":{"line":35,"column":10},"end":{"line":35,"column":17}},"17":{"start":{"line":37,"column":8},"end":{"line":37,"column":18}},"18":{"start":{"line":43,"column":4},"end":{"line":45,"column":5}},"19":{"start":{"line":44,"column":6},"end":{"line":44,"column":13}},"20":{"start":{"line":46,"column":4},"end":{"line":54,"column":7}},"21":{"start":{"line":47,"column":6},"end":{"line":53,"column":9}},"22":{"start":{"line":48,"column":8},"end":{"line":51,"column":9}},"23":{"start":{"line":49,"column":10},"end":{"line":49,"column":24}},"24":{"start":{"line":50,"column":10},"end":{"line":50,"column":17}},"25":{"start":{"line":52,"column":8},"end":{"line":52,"column":18}},"26":{"start":{"line":55,"column":4},"end":{"line":55,"column":33}},"27":{"start":{"line":6,"column":0},"end":{"line":6,"column":13}}},"fnMap":{"0":{"name":"(anonymous_0)","decl":{"start":{"line":11,"column":2},"end":{"line":11,"column":14}},"loc":{"start":{"line":11,"column":22},"end":{"line":16,"column":3}}},"1":{"name":"(anonymous_1)","decl":{"start":{"line":18,"column":2},"end":{"line":18,"column":24}},"loc":{"start":{"line":18,"column":52},"end":{"line":28,"column":3}}},"2":{"name":"(anonymous_2)","decl":{"start":{"line":19,"column":17},"end":{"line":19,"column":22}},"loc":{"start":{"line":19,"column":46},"end":{"line":27,"column":5}}},"3":{"name":"(anonymous_3)","decl":{"start":{"line":30,"column":2},"end":{"line":30,"column":7}},"loc":{"start":{"line":30,"column":51},"end":{"line":40,"column":3}}},"4":{"name":"(anonymous_4)","decl":{"start":{"line":31,"column":28},"end":{"line":31,"column":29}},"loc":{"start":{"line":31,"column":48},"end":{"line":39,"column":5}}},"5":{"name":"(anonymous_5)","decl":{"start":{"line":32,"column":69},"end":{"line":32,"column":70}},"loc":{"start":{"line":32,"column":87},"end":{"line":38,"column":7}}},"6":{"name":"(anonymous_6)","decl":{"start":{"line":42,"column":2},"end":{"line":42,"column":7}},"loc":{"start":{"line":42,"column":13},"end":{"line":56,"column":3}}},"7":{"name":"(anonymous_7)","decl":{"start":{"line":46,"column":28},"end":{"line":46,"column":29}},"loc":{"start":{"line":46,"column":48},"end":{"line":54,"column":5}}},"8":{"name":"(anonymous_8)","decl":{"start":{"line":47,"column":30},"end":{"line":47,"column":31}},"loc":{"start":{"line":47,"column":48},"end":{"line":53,"column":7}}}},"branchMap":{"0":{"loc":{"start":{"line":12,"column":4},"end":{"line":14,"column":5}},"type":"if","locations":[{"start":{"line":12,"column":4},"end":{"line":14,"column":5}},{"start":{},"end":{}}]},"1":{"loc":{"start":{"line":12,"column":8},"end":{"line":12,"column":81}},"type":"binary-expr","locations":[{"start":{"line":12,"column":8},"end":{"line":12,"column":12}},{"start":{"line":12,"column":16},"end":{"line":12,"column":45}},{"start":{"line":12,"column":49},"end":{"line":12,"column":81}}]},"2":{"loc":{"start":{"line":20,"column":22},"end":{"line":20,"column":41}},"type":"binary-expr","locations":[{"start":{"line":20,"column":22},"end":{"line":20,"column":32}},{"start":{"line":20,"column":36},"end":{"line":20,"column":41}}]},"3":{"loc":{"start":{"line":21,"column":6},"end":{"line":24,"column":7}},"type":"if","locations":[{"start":{"line":21,"column":6},"end":{"line":24,"column":7}},{"start":{},"end":{}}]},"4":{"loc":{"start":{"line":25,"column":19},"end":{"line":25,"column":45}},"type":"binary-expr","locations":[{"start":{"line":25,"column":19},"end":{"line":25,"column":27}},{"start":{"line":25,"column":31},"end":{"line":25,"column":38}},{"start":{"line":25,"column":42},"end":{"line":25,"column":45}}]},"5":{"loc":{"start":{"line":33,"column":8},"end":{"line":36,"column":9}},"type":"if","locations":[{"start":{"line":33,"column":8},"end":{"line":36,"column":9}},{"start":{},"end":{}}]},"6":{"loc":{"start":{"line":43,"column":4},"end":{"line":45,"column":5}},"type":"if","locations":[{"start":{"line":43,"column":4},"end":{"line":45,"column":5}},{"start":{},"end":{}}]},"7":{"loc":{"start":{"line":48,"column":8},"end":{"line":51,"column":9}},"type":"if","locations":[{"start":{"line":48,"column":8},"end":{"line":51,"column":9}},{"start":{},"end":{}}]}},"s":{"0":3,"1":5,"2":5,"3":1,"4":4,"5":2,"6":2,"7":2,"8":1,"9":1,"10":1,"11":1,"12":1,"13":1,"14":1,"15":0,"16":0,"17":1,"18":1,"19":0,"20":1,"21":1,"22":1,"23":0,"24":0,"25":1,"26":1,"27":3},"f":{"0":5,"1":2,"2":2,"3":1,"4":1,"5":1,"6":1,"7":1,"8":1},"b":{"0":[1,4],"1":[5,5,4],"2":[2,0],"3":[1,1],"4":[1,0,0],"5":[0,1],"6":[0,1],"7":[0,1]}}
,"/mnt/e/proyectos/xTaskJS/code/src/packages/core/src/http/fastify-adapter.ts": {"path":"/mnt/e/proyectos/xTaskJS/code/src/packages/core/src/http/fastify-adapter.ts","statementMap":{"0":{"start":{"line":4,"column":40},"end":{"line":4,"column":74}},"1":{"start":{"line":7,"column":18},"end":{"line":7,"column":44}},"2":{"start":{"line":11,"column":4},"end":{"line":13,"column":5}},"3":{"start":{"line":12,"column":6},"end":{"line":12,"column":74}},"4":{"start":{"line":14,"column":4},"end":{"line":14,"column":19}},"5":{"start":{"line":18,"column":4},"end":{"line":30,"column":7}},"6":{"start":{"line":22,"column":23},"end":{"line":22,"column":76}},"7":{"start":{"line":23,"column":8},"end":{"line":26,"column":9}},"8":{"start":{"line":24,"column":10},"end":{"line":24,"column":53}},"9":{"start":{"line":25,"column":10},"end":{"line":25,"column":17}},"10":{"start":{"line":27,"column":21},"end":{"line":27,"column":39}},"11":{"start":{"line":28,"column":8},"end":{"line":28,"column":52}},"12":{"start":{"line":34,"column":4},"end":{"line":34,"column":70}},"13":{"start":{"line":38,"column":4},"end":{"line":38,"column":27}},"14":{"start":{"line":6,"column":0},"end":{"line":6,"column":13}}},"fnMap":{"0":{"name":"(anonymous_0)","decl":{"start":{"line":10,"column":2},"end":{"line":10,"column":14}},"loc":{"start":{"line":10,"column":22},"end":{"line":15,"column":3}}},"1":{"name":"(anonymous_1)","decl":{"start":{"line":17,"column":2},"end":{"line":17,"column":24}},"loc":{"start":{"line":17,"column":52},"end":{"line":31,"column":3}}},"2":{"name":"(anonymous_2)","decl":{"start":{"line":21,"column":15},"end":{"line":21,"column":20}},"loc":{"start":{"line":21,"column":50},"end":{"line":29,"column":7}}},"3":{"name":"(anonymous_3)","decl":{"start":{"line":33,"column":2},"end":{"line":33,"column":7}},"loc":{"start":{"line":33,"column":51},"end":{"line":35,"column":3}}},"4":{"name":"(anonymous_4)","decl":{"start":{"line":37,"column":2},"end":{"line":37,"column":7}},"loc":{"start":{"line":37,"column":13},"end":{"line":39,"column":3}}}},"branchMap":{"0":{"loc":{"start":{"line":11,"column":4},"end":{"line":13,"column":5}},"type":"if","locations":[{"start":{"line":11,"column":4},"end":{"line":13,"column":5}},{"start":{},"end":{}}]},"1":{"loc":{"start":{"line":11,"column":8},"end":{"line":11,"column":83}},"type":"binary-expr","locations":[{"start":{"line":11,"column":8},"end":{"line":11,"column":12}},{"start":{"line":11,"column":16},"end":{"line":11,"column":47}},{"start":{"line":11,"column":51},"end":{"line":11,"column":83}}]},"2":{"loc":{"start":{"line":22,"column":24},"end":{"line":22,"column":47}},"type":"binary-expr","locations":[{"start":{"line":22,"column":24},"end":{"line":22,"column":38}},{"start":{"line":22,"column":42},"end":{"line":22,"column":47}}]},"3":{"loc":{"start":{"line":23,"column":8},"end":{"line":26,"column":9}},"type":"if","locations":[{"start":{"line":23,"column":8},"end":{"line":26,"column":9}},{"start":{},"end":{}}]},"4":{"loc":{"start":{"line":27,"column":21},"end":{"line":27,"column":39}},"type":"binary-expr","locations":[{"start":{"line":27,"column":21},"end":{"line":27,"column":32}},{"start":{"line":27,"column":36},"end":{"line":27,"column":39}}]}},"s":{"0":3,"1":5,"2":5,"3":1,"4":4,"5":2,"6":2,"7":2,"8":1,"9":1,"10":1,"11":1,"12":1,"13":1,"14":3},"f":{"0":5,"1":2,"2":2,"3":1,"4":1},"b":{"0":[1,4],"1":[5,5,4],"2":[2,0],"3":[1,1],"4":[1,0]}}
,"/mnt/e/proyectos/xTaskJS/code/src/packages/core/src/http/index.ts": {"path":"/mnt/e/proyectos/xTaskJS/code/src/packages/core/src/http/index.ts","statementMap":{"0":{"start":{"line":1,"column":0},"end":{"line":1,"column":24}},"1":{"start":{"line":2,"column":0},"end":{"line":2,"column":36}},"2":{"start":{"line":3,"column":0},"end":{"line":3,"column":34}},"3":{"start":{"line":4,"column":0},"end":{"line":4,"column":34}},"4":{"start":{"line":5,"column":0},"end":{"line":5,"column":30}}},"fnMap":{},"branchMap":{},"s":{"0":1,"1":1,"2":1,"3":1,"4":1},"f":{},"b":{}}
,"/mnt/e/proyectos/xTaskJS/code/src/packages/core/src/http/node-http-adapter.ts": {"path":"/mnt/e/proyectos/xTaskJS/code/src/packages/core/src/http/node-http-adapter.ts","statementMap":{"0":{"start":{"line":1,"column":0},"end":{"line":1,"column":77}},"1":{"start":{"line":5,"column":40},"end":{"line":5,"column":74}},"2":{"start":{"line":8,"column":18},"end":{"line":8,"column":46}},"3":{"start":{"line":13,"column":4},"end":{"line":13,"column":27}},"4":{"start":{"line":17,"column":4},"end":{"line":19,"column":5}},"5":{"start":{"line":18,"column":6},"end":{"line":18,"column":77}},"6":{"start":{"line":21,"column":4},"end":{"line":41,"column":5}},"7":{"start":{"line":22,"column":6},"end":{"line":40,"column":9}},"8":{"start":{"line":23,"column":8},"end":{"line":39,"column":9}},"9":{"start":{"line":24,"column":25},"end":{"line":24,"column":74}},"10":{"start":{"line":25,"column":10},"end":{"line":29,"column":11}},"11":{"start":{"line":26,"column":12},"end":{"line":26,"column":33}},"12":{"start":{"line":27,"column":12},"end":{"line":27,"column":42}},"13":{"start":{"line":28,"column":12},"end":{"line":28,"column":19}},"14":{"start":{"line":31,"column":23},"end":{"line":31,"column":54}},"15":{"start":{"line":32,"column":22},"end":{"line":32,"column":63}},"16":{"start":{"line":33,"column":23},"end":{"line":33,"column":42}},"17":{"start":{"line":34,"column":10},"end":{"line":34,"column":54}},"18":{"start":{"line":36,"column":10},"end":{"line":36,"column":31}},"19":{"start":{"line":37,"column":10},"end":{"line":37,"column":60}},"20":{"start":{"line":38,"column":10},"end":{"line":38,"column":95}},"21":{"start":{"line":43,"column":4},"end":{"line":46,"column":7}},"22":{"start":{"line":44,"column":6},"end":{"line":44,"column":41}},"23":{"start":{"line":45,"column":6},"end":{"line":45,"column":71}},"24":{"start":{"line":45,"column":60},"end":{"line":45,"column":69}},"25":{"start":{"line":50,"column":4},"end":{"line":52,"column":5}},"26":{"start":{"line":51,"column":6},"end":{"line":51,"column":13}},"27":{"start":{"line":53,"column":4},"end":{"line":61,"column":7}},"28":{"start":{"line":54,"column":6},"end":{"line":60,"column":9}},"29":{"start":{"line":55,"column":8},"end":{"line":58,"column":9}},"30":{"start":{"line":56,"column":10},"end":{"line":56,"column":24}},"31":{"start":{"line":57,"column":10},"end":{"line":57,"column":17}},"32":{"start":{"line":59,"column":8},"end":{"line":59,"column":18}},"33":{"start":{"line":62,"column":4},"end":{"line":62,"column":28}},"34":{"start":{"line":7,"column":0},"end":{"line":7,"column":13}}},"fnMap":{"0":{"name":"(anonymous_0)","decl":{"start":{"line":7,"column":0},"end":{"line":7,"column":13}},"loc":{"start":{"line":7,"column":0},"end":{"line":64,"column":1}}},"1":{"name":"(anonymous_1)","decl":{"start":{"line":12,"column":2},"end":{"line":12,"column":24}},"loc":{"start":{"line":12,"column":52},"end":{"line":14,"column":3}}},"2":{"name":"(anonymous_2)","decl":{"start":{"line":16,"column":2},"end":{"line":16,"column":7}},"loc":{"start":{"line":16,"column":51},"end":{"line":47,"column":3}}},"3":{"name":"(anonymous_3)","decl":{"start":{"line":22,"column":33},"end":{"line":22,"column":38}},"loc":{"start":{"line":22,"column":85},"end":{"line":40,"column":7}}},"4":{"name":"(anonymous_4)","decl":{"start":{"line":43,"column":28},"end":{"line":43,"column":29}},"loc":{"start":{"line":43,"column":48},"end":{"line":46,"column":5}}},"5":{"name":"(anonymous_5)","decl":{"start":{"line":45,"column":54},"end":{"line":45,"column":57}},"loc":{"start":{"line":45,"column":60},"end":{"line":45,"column":69}}},"6":{"name":"(anonymous_6)","decl":{"start":{"line":49,"column":2},"end":{"line":49,"column":7}},"loc":{"start":{"line":49,"column":13},"end":{"line":63,"column":3}}},"7":{"name":"(anonymous_7)","decl":{"start":{"line":53,"column":28},"end":{"line":53,"column":29}},"loc":{"start":{"line":53,"column":48},"end":{"line":61,"column":5}}},"8":{"name":"(anonymous_8)","decl":{"start":{"line":54,"column":25},"end":{"line":54,"column":26}},"loc":{"start":{"line":54,"column":35},"end":{"line":60,"column":7}}}},"branchMap":{"0":{"loc":{"start":{"line":17,"column":4},"end":{"line":19,"column":5}},"type":"if","locations":[{"start":{"line":17,"column":4},"end":{"line":19,"column":5}},{"start":{},"end":{}}]},"1":{"loc":{"start":{"line":21,"column":4},"end":{"line":41,"column":5}},"type":"if","locations":[{"start":{"line":21,"column":4},"end":{"line":41,"column":5}},{"start":{},"end":{}}]},"2":{"loc":{"start":{"line":24,"column":26},"end":{"line":24,"column":45}},"type":"binary-expr","locations":[{"start":{"line":24,"column":26},"end":{"line":24,"column":36}},{"start":{"line":24,"column":40},"end":{"line":24,"column":45}}]},"3":{"loc":{"start":{"line":25,"column":10},"end":{"line":29,"column":11}},"type":"if","locations":[{"start":{"line":25,"column":10},"end":{"line":29,"column":11}},{"start":{},"end":{}}]},"4":{"loc":{"start":{"line":31,"column":23},"end":{"line":31,"column":54}},"type":"binary-expr","locations":[{"start":{"line":31,"column":23},"end":{"line":31,"column":39}},{"start":{"line":31,"column":43},"end":{"line":31,"column":54}}]},"5":{"loc":{"start":{"line":32,"column":30},"end":{"line":32,"column":44}},"type":"binary-expr","locations":[{"start":{"line":32,"column":30},"end":{"line":32,"column":37}},{"start":{"line":32,"column":41},"end":{"line":32,"column":44}}]},"6":{"loc":{"start":{"line":33,"column":23},"end":{"line":33,"column":42}},"type":"binary-expr","locations":[{"start":{"line":33,"column":23},"end":{"line":33,"column":35}},{"start":{"line":33,"column":39},"end":{"line":33,"column":42}}]},"7":{"loc":{"start":{"line":50,"column":4},"end":{"line":52,"column":5}},"type":"if","locations":[{"start":{"line":50,"column":4},"end":{"line":52,"column":5}},{"start":{},"end":{}}]},"8":{"loc":{"start":{"line":55,"column":8},"end":{"line":58,"column":9}},"type":"if","locations":[{"start":{"line":55,"column":8},"end":{"line":58,"column":9}},{"start":{},"end":{}}]}},"s":{"0":3,"1":3,"2":6,"3":4,"4":5,"5":1,"6":4,"7":4,"8":3,"9":3,"10":3,"11":1,"12":1,"13":1,"14":2,"15":2,"16":2,"17":2,"18":1,"19":1,"20":1,"21":4,"22":4,"23":4,"24":4,"25":2,"26":1,"27":1,"28":1,"29":1,"30":0,"31":0,"32":1,"33":1,"34":3},"f":{"0":6,"1":4,"2":5,"3":3,"4":4,"5":4,"6":2,"7":1,"8":1},"b":{"0":[1,4],"1":[4,0],"2":[3,0],"3":[1,2],"4":[2,0],"5":[2,0],"6":[2,0],"7":[1,1],"8":[0,1]}}
,"/mnt/e/proyectos/xTaskJS/code/src/packages/core/src/kernel/index.ts": {"path":"/mnt/e/proyectos/xTaskJS/code/src/packages/core/src/kernel/index.ts","statementMap":{"0":{"start":{"line":1,"column":0},"end":{"line":1,"column":25}},"1":{"start":{"line":2,"column":0},"end":{"line":2,"column":34}}},"fnMap":{},"branchMap":{},"s":{"0":1,"1":1},"f":{},"b":{}}
,"/mnt/e/proyectos/xTaskJS/code/src/packages/core/src/kernel/kernel.ts": {"path":"/mnt/e/proyectos/xTaskJS/code/src/packages/core/src/kernel/kernel.ts","statementMap":{"0":{"start":{"line":1,"column":0},"end":{"line":1,"column":26}},"1":{"start":{"line":2,"column":0},"end":{"line":2,"column":32}},"2":{"start":{"line":3,"column":0},"end":{"line":3,"column":28}},"3":{"start":{"line":4,"column":0},"end":{"line":4,"column":44}},"4":{"start":{"line":5,"column":0},"end":{"line":5,"column":41}},"5":{"start":{"line":16,"column":8},"end":{"line":16,"column":41}},"6":{"start":{"line":18,"column":25},"end":{"line":22,"column":10}},"7":{"start":{"line":24,"column":8},"end":{"line":28,"column":9}},"8":{"start":{"line":25,"column":12},"end":{"line":27,"column":13}},"9":{"start":{"line":26,"column":16},"end":{"line":26,"column":51}},"10":{"start":{"line":30,"column":8},"end":{"line":30,"column":55}},"11":{"start":{"line":32,"column":8},"end":{"line":32,"column":66}},"12":{"start":{"line":32,"column":39},"end":{"line":32,"column":64}},"13":{"start":{"line":33,"column":8},"end":{"line":33,"column":60}},"14":{"start":{"line":37,"column":8},"end":{"line":37,"column":30}},"15":{"start":{"line":7,"column":0},"end":{"line":7,"column":13}}},"fnMap":{"0":{"name":"(anonymous_0)","decl":{"start":{"line":12,"column":4},"end":{"line":12,"column":null}},"loc":{"start":{"line":12,"column":4},"end":{"line":13,"column":5}}},"1":{"name":"(anonymous_1)","decl":{"start":{"line":14,"column":4},"end":{"line":14,"column":9}},"loc":{"start":{"line":14,"column":14},"end":{"line":34,"column":5}}},"2":{"name":"(anonymous_2)","decl":{"start":{"line":32,"column":26},"end":{"line":32,"column":27}},"loc":{"start":{"line":32,"column":39},"end":{"line":32,"column":64}}},"3":{"name":"(anonymous_3)","decl":{"start":{"line":36,"column":5},"end":{"line":36,"column":10}},"loc":{"start":{"line":36,"column":23},"end":{"line":38,"column":5}}}},"branchMap":{"0":{"loc":{"start":{"line":25,"column":12},"end":{"line":27,"column":13}},"type":"if","locations":[{"start":{"line":25,"column":12},"end":{"line":27,"column":13}},{"start":{},"end":{}}]}},"s":{"0":2,"1":2,"2":2,"3":2,"4":2,"5":3,"6":3,"7":3,"8":9,"9":4,"10":3,"11":3,"12":3,"13":3,"14":1,"15":2},"f":{"0":3,"1":3,"2":3,"3":1},"b":{"0":[4,5]}}
,"/mnt/e/proyectos/xTaskJS/code/src/packages/core/src/kernel/kernellisteners.ts": {"path":"/mnt/e/proyectos/xTaskJS/code/src/packages/core/src/kernel/kernellisteners.ts","statementMap":{"0":{"start":{"line":1,"column":0},"end":{"line":1,"column":26}},"1":{"start":{"line":2,"column":0},"end":{"line":2,"column":82}},"2":{"start":{"line":7,"column":19},"end":{"line":7,"column":86}},"3":{"start":{"line":10,"column":4},"end":{"line":12,"column":5}},"4":{"start":{"line":11,"column":6},"end":{"line":11,"column":27}},"5":{"start":{"line":17,"column":4},"end":{"line":17,"column":45}},"6":{"start":{"line":22,"column":4},"end":{"line":22,"column":52}},"7":{"start":{"line":27,"column":4},"end":{"line":27,"column":85}},"8":{"start":{"line":32,"column":4},"end":{"line":32,"column":64}},"9":{"start":{"line":37,"column":4},"end":{"line":39,"column":5}},"10":{"start":{"line":38,"column":6},"end":{"line":38,"column":13}},"11":{"start":{"line":40,"column":4},"end":{"line":40,"column":81}},"12":{"start":{"line":45,"column":4},"end":{"line":47,"column":5}},"13":{"start":{"line":46,"column":6},"end":{"line":46,"column":13}},"14":{"start":{"line":48,"column":4},"end":{"line":48,"column":33}},"15":{"start":{"line":6,"column":0},"end":{"line":6,"column":13}},"16":{"start":{"line":16,"column":2},"end":{"line":18,"column":null}},"17":{"start":{"line":21,"column":2},"end":{"line":23,"column":null}},"18":{"start":{"line":26,"column":8},"end":{"line":28,"column":null}},"19":{"start":{"line":31,"column":8},"end":{"line":33,"column":null}},"20":{"start":{"line":36,"column":2},"end":{"line":41,"column":null}},"21":{"start":{"line":44,"column":2},"end":{"line":49,"column":null}}},"fnMap":{"0":{"name":"(anonymous_2)","decl":{"start":{"line":6,"column":0},"end":{"line":6,"column":13}},"loc":{"start":{"line":6,"column":0},"end":{"line":50,"column":1}}},"1":{"name":"(anonymous_3)","decl":{"start":{"line":9,"column":10},"end":{"line":9,"column":18}},"loc":{"start":{"line":9,"column":33},"end":{"line":13,"column":3}}},"2":{"name":"(anonymous_4)","decl":{"start":{"line":16,"column":2},"end":{"line":16,"column":12}},"loc":{"start":{"line":16,"column":12},"end":{"line":18,"column":3}}},"3":{"name":"(anonymous_5)","decl":{"start":{"line":21,"column":2},"end":{"line":21,"column":9}},"loc":{"start":{"line":21,"column":9},"end":{"line":23,"column":3}}},"4":{"name":"(anonymous_6)","decl":{"start":{"line":26,"column":8},"end":{"line":26,"column":18}},"loc":{"start":{"line":26,"column":18},"end":{"line":28,"column":3}}},"5":{"name":"(anonymous_7)","decl":{"start":{"line":31,"column":8},"end":{"line":31,"column":11}},"loc":{"start":{"line":31,"column":26},"end":{"line":33,"column":3}}},"6":{"name":"(anonymous_8)","decl":{"start":{"line":36,"column":2},"end":{"line":36,"column":8}},"loc":{"start":{"line":36,"column":32},"end":{"line":41,"column":3}}},"7":{"name":"(anonymous_9)","decl":{"start":{"line":44,"column":2},"end":{"line":44,"column":5}},"loc":{"start":{"line":44,"column":27},"end":{"line":49,"column":3}}}},"branchMap":{"0":{"loc":{"start":{"line":10,"column":4},"end":{"line":12,"column":5}},"type":"if","locations":[{"start":{"line":10,"column":4},"end":{"line":12,"column":5}},{"start":{},"end":{}}]},"1":{"loc":{"start":{"line":37,"column":4},"end":{"line":39,"column":5}},"type":"if","locations":[{"start":{"line":37,"column":4},"end":{"line":39,"column":5}},{"start":{},"end":{}}]},"2":{"loc":{"start":{"line":45,"column":4},"end":{"line":47,"column":5}},"type":"if","locations":[{"start":{"line":45,"column":4},"end":{"line":47,"column":5}},{"start":{},"end":{}}]}},"s":{"0":2,"1":2,"2":3,"3":6,"4":6,"5":1,"6":1,"7":1,"8":1,"9":2,"10":1,"11":1,"12":2,"13":1,"14":1,"15":2,"16":2,"17":2,"18":2,"19":2,"20":2,"21":2},"f":{"0":3,"1":6,"2":1,"3":1,"4":1,"5":1,"6":2,"7":2},"b":{"0":[6,0],"1":[1,1],"2":[1,1]}}
,"/mnt/e/proyectos/xTaskJS/code/src/packages/core/src/server/application-lifecycle.ts": {"path":"/mnt/e/proyectos/xTaskJS/code/src/packages/core/src/server/application-lifecycle.ts","statementMap":{"0":{"start":{"line":9,"column":0},"end":{"line":9,"column":26}},"1":{"start":{"line":10,"column":0},"end":{"line":10,"column":35}},"2":{"start":{"line":29,"column":12},"end":{"line":29,"column":67}},"3":{"start":{"line":31,"column":12},"end":{"line":31,"column":126}},"4":{"start":{"line":32,"column":12},"end":{"line":32,"column":53}},"5":{"start":{"line":37,"column":17},"end":{"line":37,"column":48}},"6":{"start":{"line":38,"column":4},"end":{"line":38,"column":42}},"7":{"start":{"line":39,"column":4},"end":{"line":39,"column":76}},"8":{"start":{"line":39,"column":50},"end":{"line":39,"column":73}},"9":{"start":{"line":43,"column":8},"end":{"line":43,"column":49}},"10":{"start":{"line":44,"column":8},"end":{"line":44,"column":60}},"11":{"start":{"line":44,"column":35},"end":{"line":44,"column":58}},"12":{"start":{"line":48,"column":8},"end":{"line":48,"column":42}},"13":{"start":{"line":52,"column":8},"end":{"line":52,"column":42}},"14":{"start":{"line":56,"column":8},"end":{"line":58,"column":9}},"15":{"start":{"line":57,"column":12},"end":{"line":57,"column":51}},"16":{"start":{"line":59,"column":8},"end":{"line":59,"column":59}},"17":{"start":{"line":63,"column":8},"end":{"line":65,"column":9}},"18":{"start":{"line":64,"column":12},"end":{"line":64,"column":57}},"19":{"start":{"line":66,"column":8},"end":{"line":66,"column":63}},"20":{"start":{"line":74,"column":8},"end":{"line":76,"column":9}},"21":{"start":{"line":75,"column":12},"end":{"line":75,"column":62}},"22":{"start":{"line":77,"column":8},"end":{"line":77,"column":62}},"23":{"start":{"line":81,"column":22},"end":{"line":82,"column":null}},"24":{"start":{"line":82,"column":27},"end":{"line":82,"column":81}},"25":{"start":{"line":85,"column":8},"end":{"line":87,"column":9}},"26":{"start":{"line":86,"column":12},"end":{"line":86,"column":73}},"27":{"start":{"line":89,"column":47},"end":{"line":95,"column":10}},"28":{"start":{"line":97,"column":8},"end":{"line":102,"column":9}},"29":{"start":{"line":98,"column":32},"end":{"line":98,"column":67}},"30":{"start":{"line":99,"column":12},"end":{"line":101,"column":13}},"31":{"start":{"line":100,"column":16},"end":{"line":100,"column":77}},"32":{"start":{"line":104,"column":30},"end":{"line":104,"column":39}},"33":{"start":{"line":105,"column":8},"end":{"line":111,"column":9}},"34":{"start":{"line":106,"column":29},"end":{"line":106,"column":31}},"35":{"start":{"line":107,"column":12},"end":{"line":109,"column":13}},"36":{"start":{"line":108,"column":16},"end":{"line":108,"column":70}},"37":{"start":{"line":110,"column":12},"end":{"line":110,"column":39}},"38":{"start":{"line":113,"column":8},"end":{"line":113,"column":39}},"39":{"start":{"line":115,"column":29},"end":{"line":115,"column":87}},"40":{"start":{"line":115,"column":41},"end":{"line":115,"column":87}},"41":{"start":{"line":117,"column":34},"end":{"line":123,"column":9}},"42":{"start":{"line":118,"column":12},"end":{"line":120,"column":13}},"43":{"start":{"line":119,"column":16},"end":{"line":119,"column":38}},"44":{"start":{"line":121,"column":31},"end":{"line":121,"column":55}},"45":{"start":{"line":122,"column":12},"end":{"line":122,"column":95}},"46":{"start":{"line":122,"column":65},"end":{"line":122,"column":93}},"47":{"start":{"line":125,"column":8},"end":{"line":125,"column":36}},"48":{"start":{"line":129,"column":21},"end":{"line":129,"column":52}},"49":{"start":{"line":130,"column":8},"end":{"line":139,"column":9}},"50":{"start":{"line":131,"column":12},"end":{"line":138,"column":13}},"51":{"start":{"line":132,"column":16},"end":{"line":132,"column":51}},"52":{"start":{"line":134,"column":16},"end":{"line":134,"column":110}},"53":{"start":{"line":135,"column":16},"end":{"line":137,"column":17}},"54":{"start":{"line":136,"column":20},"end":{"line":136,"column":52}},"55":{"start":{"line":143,"column":8},"end":{"line":145,"column":9}},"56":{"start":{"line":143,"column":54},"end":{"line":143,"column":69}},"57":{"start":{"line":144,"column":12},"end":{"line":144,"column":68}},"58":{"start":{"line":149,"column":7},"end":{"line":174,"column":9}},"59":{"start":{"line":150,"column":12},"end":{"line":150,"column":40}},"60":{"start":{"line":151,"column":12},"end":{"line":151,"column":93}},"61":{"start":{"line":152,"column":12},"end":{"line":152,"column":47}},"62":{"start":{"line":154,"column":12},"end":{"line":154,"column":46}},"63":{"start":{"line":156,"column":12},"end":{"line":156,"column":28}},"64":{"start":{"line":158,"column":12},"end":{"line":158,"column":45}},"65":{"start":{"line":160,"column":12},"end":{"line":166,"column":21}},"66":{"start":{"line":161,"column":16},"end":{"line":161,"column":71}},"67":{"start":{"line":162,"column":16},"end":{"line":165,"column":19}},"68":{"start":{"line":168,"column":12},"end":{"line":168,"column":55}},"69":{"start":{"line":169,"column":12},"end":{"line":169,"column":37}},"70":{"start":{"line":170,"column":12},"end":{"line":170,"column":55}},"71":{"start":{"line":172,"column":12},"end":{"line":172,"column":44}},"72":{"start":{"line":173,"column":12},"end":{"line":173,"column":24}},"73":{"start":{"line":179,"column":8},"end":{"line":182,"column":9}},"74":{"start":{"line":180,"column":12},"end":{"line":180,"column":48}},"75":{"start":{"line":181,"column":12},"end":{"line":181,"column":45}},"76":{"start":{"line":183,"column":8},"end":{"line":183,"column":35}},"77":{"start":{"line":28,"column":0},"end":{"line":28,"column":13}}},"fnMap":{"0":{"name":"(anonymous_9)","decl":{"start":{"line":34,"column":4},"end":{"line":34,"column":19}},"loc":{"start":{"line":34,"column":4},"end":{"line":34,"column":20}}},"1":{"name":"(anonymous_10)","decl":{"start":{"line":36,"column":11},"end":{"line":36,"column":13}},"loc":{"start":{"line":36,"column":99},"end":{"line":40,"column":5}}},"2":{"name":"(anonymous_11)","decl":{"start":{"line":39,"column":40},"end":{"line":39,"column":41}},"loc":{"start":{"line":39,"column":50},"end":{"line":39,"column":73}}},"3":{"name":"(anonymous_12)","decl":{"start":{"line":42,"column":11},"end":{"line":42,"column":25}},"loc":{"start":{"line":42,"column":138},"end":{"line":45,"column":5}}},"4":{"name":"(anonymous_13)","decl":{"start":{"line":44,"column":26},"end":{"line":44,"column":27}},"loc":{"start":{"line":44,"column":35},"end":{"line":44,"column":58}}},"5":{"name":"(anonymous_14)","decl":{"start":{"line":47,"column":11},"end":{"line":47,"column":34}},"loc":{"start":{"line":47,"column":57},"end":{"line":49,"column":5}}},"6":{"name":"(anonymous_15)","decl":{"start":{"line":51,"column":11},"end":{"line":51,"column":30}},"loc":{"start":{"line":51,"column":30},"end":{"line":53,"column":5}}},"7":{"name":"(anonymous_16)","decl":{"start":{"line":55,"column":12},"end":{"line":55,"column":17}},"loc":{"start":{"line":55,"column":75},"end":{"line":60,"column":5}}},"8":{"name":"(anonymous_17)","decl":{"start":{"line":62,"column":12},"end":{"line":62,"column":17}},"loc":{"start":{"line":62,"column":84},"end":{"line":67,"column":5}}},"9":{"name":"(anonymous_18)","decl":{"start":{"line":69,"column":12},"end":{"line":69,"column":17}},"loc":{"start":{"line":72,"column":32},"end":{"line":78,"column":5}}},"10":{"name":"(anonymous_19)","decl":{"start":{"line":80,"column":11},"end":{"line":80,"column":16}},"loc":{"start":{"line":80,"column":89},"end":{"line":126,"column":5}}},"11":{"name":"(anonymous_20)","decl":{"start":{"line":82,"column":12},"end":{"line":82,"column":13}},"loc":{"start":{"line":82,"column":27},"end":{"line":82,"column":81}}},"12":{"name":"(anonymous_21)","decl":{"start":{"line":115,"column":29},"end":{"line":115,"column":34}},"loc":{"start":{"line":115,"column":41},"end":{"line":115,"column":87}}},"13":{"name":"(anonymous_22)","decl":{"start":{"line":117,"column":34},"end":{"line":117,"column":39}},"loc":{"start":{"line":117,"column":72},"end":{"line":123,"column":9}}},"14":{"name":"(anonymous_23)","decl":{"start":{"line":122,"column":59},"end":{"line":122,"column":62}},"loc":{"start":{"line":122,"column":65},"end":{"line":122,"column":93}}},"15":{"name":"(anonymous_24)","decl":{"start":{"line":128,"column":11},"end":{"line":128,"column":16}},"loc":{"start":{"line":128,"column":57},"end":{"line":140,"column":5}}},"16":{"name":"(anonymous_25)","decl":{"start":{"line":142,"column":11},"end":{"line":142,"column":16}},"loc":{"start":{"line":142,"column":75},"end":{"line":146,"column":5}}},"17":{"name":"(anonymous_26)","decl":{"start":{"line":143,"column":49},"end":{"line":143,"column":50}},"loc":{"start":{"line":143,"column":54},"end":{"line":143,"column":69}}},"18":{"name":"(anonymous_27)","decl":{"start":{"line":148,"column":11},"end":{"line":148,"column":16}},"loc":{"start":{"line":148,"column":50},"end":{"line":176,"column":5}}},"19":{"name":"(anonymous_28)","decl":{"start":{"line":160,"column":47},"end":{"line":160,"column":52}},"loc":{"start":{"line":160,"column":57},"end":{"line":166,"column":13}}},"20":{"name":"(anonymous_29)","decl":{"start":{"line":178,"column":11},"end":{"line":178,"column":16}},"loc":{"start":{"line":178,"column":21},"end":{"line":184,"column":5}}}},"branchMap":{"0":{"loc":{"start":{"line":36,"column":87},"end":{"line":36,"column":99}},"type":"default-arg","locations":[{"start":{"line":36,"column":98},"end":{"line":36,"column":99}}]},"1":{"loc":{"start":{"line":37,"column":17},"end":{"line":37,"column":48}},"type":"binary-expr","locations":[{"start":{"line":37,"column":17},"end":{"line":37,"column":42}},{"start":{"line":37,"column":46},"end":{"line":37,"column":48}}]},"2":{"loc":{"start":{"line":42,"column":55},"end":{"line":42,"column":124}},"type":"default-arg","locations":[{"start":{"line":42,"column":105},"end":{"line":42,"column":124}}]},"3":{"loc":{"start":{"line":42,"column":126},"end":{"line":42,"column":138}},"type":"default-arg","locations":[{"start":{"line":42,"column":137},"end":{"line":42,"column":138}}]},"4":{"loc":{"start":{"line":56,"column":8},"end":{"line":58,"column":9}},"type":"if","locations":[{"start":{"line":56,"column":8},"end":{"line":58,"column":9}},{"start":{},"end":{}}]},"5":{"loc":{"start":{"line":63,"column":8},"end":{"line":65,"column":9}},"type":"if","locations":[{"start":{"line":63,"column":8},"end":{"line":65,"column":9}},{"start":{},"end":{}}]},"6":{"loc":{"start":{"line":74,"column":8},"end":{"line":76,"column":9}},"type":"if","locations":[{"start":{"line":74,"column":8},"end":{"line":76,"column":9}},{"start":{},"end":{}}]},"7":{"loc":{"start":{"line":82,"column":27},"end":{"line":82,"column":81}},"type":"binary-expr","locations":[{"start":{"line":82,"column":27},"end":{"line":82,"column":54}},{"start":{"line":82,"column":58},"end":{"line":82,"column":81}}]},"8":{"loc":{"start":{"line":85,"column":8},"end":{"line":87,"column":9}},"type":"if","locations":[{"start":{"line":85,"column":8},"end":{"line":87,"column":9}},{"start":{},"end":{}}]},"9":{"loc":{"start":{"line":99,"column":12},"end":{"line":101,"column":13}},"type":"if","locations":[{"start":{"line":99,"column":12},"end":{"line":101,"column":13}},{"start":{},"end":{}}]},"10":{"loc":{"start":{"line":118,"column":12},"end":{"line":120,"column":13}},"type":"if","locations":[{"start":{"line":118,"column":12},"end":{"line":120,"column":13}},{"start":{},"end":{}}]},"11":{"loc":{"start":{"line":129,"column":21},"end":{"line":129,"column":52}},"type":"binary-expr","locations":[{"start":{"line":129,"column":21},"end":{"line":129,"column":46}},{"start":{"line":129,"column":50},"end":{"line":129,"column":52}}]},"12":{"loc":{"start":{"line":135,"column":16},"end":{"line":137,"column":17}},"type":"if","locations":[{"start":{"line":135,"column":16},"end":{"line":137,"column":17}},{"start":{},"end":{}}]},"13":{"loc":{"start":{"line":179,"column":8},"end":{"line":182,"column":9}},"type":"if","locations":[{"start":{"line":179,"column":8},"end":{"line":182,"column":9}},{"start":{},"end":{}}]}},"s":{"0":5,"1":5,"2":1,"3":1,"4":1,"5":0,"6":0,"7":0,"8":0,"9":0,"10":0,"11":0,"12":1,"13":0,"14":1,"15":1,"16":0,"17":1,"18":1,"19":0,"20":1,"21":1,"22":0,"23":1,"24":1,"25":1,"26":0,"27":1,"28":1,"29":1,"30":1,"31":0,"32":1,"33":1,"34":1,"35":1,"36":1,"37":1,"38":1,"39":1,"40":1,"41":1,"42":2,"43":1,"44":1,"45":1,"46":1,"47":1,"48":0,"49":0,"50":0,"51":0,"52":0,"53":0,"54":0,"55":0,"56":0,"57":0,"58":0,"59":0,"60":0,"61":0,"62":0,"63":0,"64":0,"65":0,"66":0,"67":0,"68":0,"69":0,"70":0,"71":0,"72":0,"73":0,"74":0,"75":0,"76":0,"77":5},"f":{"0":1,"1":0,"2":0,"3":0,"4":0,"5":1,"6":0,"7":1,"8":1,"9":1,"10":1,"11":1,"12":1,"13":2,"14":1,"15":0,"16":0,"17":0,"18":0,"19":0,"20":0},"b":{"0":[0],"1":[0,0],"2":[0],"3":[0],"4":[1,0],"5":[1,0],"6":[1,0],"7":[1,1],"8":[0,1],"9":[0,1],"10":[1,1],"11":[0,0],"12":[0,0],"13":[0,0]}}
,"/mnt/e/proyectos/xTaskJS/code/src/packages/core/src/server/index.ts": {"path":"/mnt/e/proyectos/xTaskJS/code/src/packages/core/src/server/index.ts","statementMap":{"0":{"start":{"line":1,"column":0},"end":{"line":1,"column":40}},"1":{"start":{"line":2,"column":0},"end":{"line":2,"column":40}},"2":{"start":{"line":3,"column":0},"end":{"line":3,"column":38}},"3":{"start":{"line":4,"column":0},"end":{"line":4,"column":53}}},"fnMap":{},"branchMap":{},"s":{"0":4,"1":4,"2":4,"3":4},"f":{},"b":{}}
,"/mnt/e/proyectos/xTaskJS/code/src/packages/core/src/server/registercontrollers.ts": {"path":"/mnt/e/proyectos/xTaskJS/code/src/packages/core/src/server/registercontrollers.ts","statementMap":{"0":{"start":{"line":20,"column":0},"end":{"line":20,"column":16}},"1":{"start":{"line":1,"column":0},"end":{"line":1,"column":26}},"2":{"start":{"line":2,"column":0},"end":{"line":2,"column":null}},"3":{"start":{"line":10,"column":22},"end":{"line":18,"column":1}},"4":{"start":{"line":11,"column":16},"end":{"line":11,"column":36}},"5":{"start":{"line":12,"column":16},"end":{"line":12,"column":31}},"6":{"start":{"line":13,"column":17},"end":{"line":13,"column":56}},"7":{"start":{"line":14,"column":2},"end":{"line":16,"column":3}},"8":{"start":{"line":15,"column":4},"end":{"line":15,"column":15}},"9":{"start":{"line":17,"column":2},"end":{"line":17,"column":56}},"10":{"start":{"line":21,"column":57},"end":{"line":22,"column":null}},"11":{"start":{"line":24,"column":2},"end":{"line":26,"column":3}},"12":{"start":{"line":25,"column":4},"end":{"line":25,"column":11}},"13":{"start":{"line":28,"column":34},"end":{"line":28,"column":72}},"14":{"start":{"line":29,"column":2},"end":{"line":40,"column":3}},"15":{"start":{"line":30,"column":4},"end":{"line":39,"column":7}},"16":{"start":{"line":38,"column":34},"end":{"line":38,"column":66}}},"fnMap":{"0":{"name":"(anonymous_0)","decl":{"start":{"line":10,"column":22},"end":{"line":10,"column":23}},"loc":{"start":{"line":10,"column":76},"end":{"line":18,"column":1}}},"1":{"name":"registerControllerRoutes","decl":{"start":{"line":20,"column":16},"end":{"line":20,"column":40}},"loc":{"start":{"line":20,"column":81},"end":{"line":41,"column":1}}},"2":{"name":"(anonymous_2)","decl":{"start":{"line":38,"column":14},"end":{"line":38,"column":15}},"loc":{"start":{"line":38,"column":34},"end":{"line":38,"column":66}}}},"branchMap":{"0":{"loc":{"start":{"line":11,"column":16},"end":{"line":11,"column":36}},"type":"binary-expr","locations":[{"start":{"line":11,"column":16},"end":{"line":11,"column":30}},{"start":{"line":11,"column":34},"end":{"line":11,"column":36}}]},"1":{"loc":{"start":{"line":12,"column":16},"end":{"line":12,"column":31}},"type":"binary-expr","locations":[{"start":{"line":12,"column":16},"end":{"line":12,"column":25}},{"start":{"line":12,"column":29},"end":{"line":12,"column":31}}]},"2":{"loc":{"start":{"line":14,"column":2},"end":{"line":16,"column":3}},"type":"if","locations":[{"start":{"line":14,"column":2},"end":{"line":16,"column":3}},{"start":{},"end":{}}]},"3":{"loc":{"start":{"line":14,"column":6},"end":{"line":14,"column":31}},"type":"binary-expr","locations":[{"start":{"line":14,"column":6},"end":{"line":14,"column":13}},{"start":{"line":14,"column":17},"end":{"line":14,"column":31}}]},"4":{"loc":{"start":{"line":17,"column":9},"end":{"line":17,"column":55}},"type":"cond-expr","locations":[{"start":{"line":17,"column":34},"end":{"line":17,"column":40}},{"start":{"line":17,"column":43},"end":{"line":17,"column":55}}]},"5":{"loc":{"start":{"line":24,"column":2},"end":{"line":26,"column":3}},"type":"if","locations":[{"start":{"line":24,"column":2},"end":{"line":26,"column":3}},{"start":{},"end":{}}]}},"s":{"0":5,"1":5,"2":5,"3":5,"4":1,"5":1,"6":1,"7":1,"8":0,"9":1,"10":1,"11":1,"12":0,"13":1,"14":1,"15":1,"16":1},"f":{"0":1,"1":1,"2":1},"b":{"0":[1,0],"1":[1,0],"2":[0,1],"3":[1,1],"4":[1,0],"5":[0,1]}}
,"/mnt/e/proyectos/xTaskJS/code/src/packages/core/src/server/registereventhandlers.ts": {"path":"/mnt/e/proyectos/xTaskJS/code/src/packages/core/src/server/registereventhandlers.ts","statementMap":{"0":{"start":{"line":8,"column":0},"end":{"line":8,"column":16}},"1":{"start":{"line":1,"column":0},"end":{"line":1,"column":26}},"2":{"start":{"line":5,"column":0},"end":{"line":5,"column":60}},"3":{"start":{"line":9,"column":39},"end":{"line":9,"column":100}},"4":{"start":{"line":10,"column":2},"end":{"line":12,"column":3}},"5":{"start":{"line":10,"column":68},"end":{"line":10,"column":91}},"6":{"start":{"line":11,"column":4},"end":{"line":11,"column":83}},"7":{"start":{"line":11,"column":38},"end":{"line":11,"column":71}},"8":{"start":{"line":14,"column":32},"end":{"line":14,"column":92}},"9":{"start":{"line":15,"column":2},"end":{"line":17,"column":3}},"10":{"start":{"line":15,"column":66},"end":{"line":15,"column":89}},"11":{"start":{"line":16,"column":4},"end":{"line":16,"column":85}},"12":{"start":{"line":16,"column":34},"end":{"line":16,"column":67}}},"fnMap":{"0":{"name":"registerEventHandlers","decl":{"start":{"line":8,"column":16},"end":{"line":8,"column":37}},"loc":{"start":{"line":8,"column":77},"end":{"line":18,"column":1}}},"1":{"name":"(anonymous_1)","decl":{"start":{"line":10,"column":58},"end":{"line":10,"column":59}},"loc":{"start":{"line":10,"column":68},"end":{"line":10,"column":91}}},"2":{"name":"(anonymous_2)","decl":{"start":{"line":11,"column":18},"end":{"line":11,"column":23}},"loc":{"start":{"line":11,"column":38},"end":{"line":11,"column":71}}},"3":{"name":"(anonymous_3)","decl":{"start":{"line":15,"column":56},"end":{"line":15,"column":57}},"loc":{"start":{"line":15,"column":66},"end":{"line":15,"column":89}}},"4":{"name":"(anonymous_4)","decl":{"start":{"line":16,"column":23},"end":{"line":16,"column":24}},"loc":{"start":{"line":16,"column":34},"end":{"line":16,"column":67}}}},"branchMap":{"0":{"loc":{"start":{"line":9,"column":39},"end":{"line":9,"column":100}},"type":"binary-expr","locations":[{"start":{"line":9,"column":39},"end":{"line":9,"column":94}},{"start":{"line":9,"column":98},"end":{"line":9,"column":100}}]},"1":{"loc":{"start":{"line":14,"column":32},"end":{"line":14,"column":92}},"type":"binary-expr","locations":[{"start":{"line":14,"column":32},"end":{"line":14,"column":86}},{"start":{"line":14,"column":90},"end":{"line":14,"column":92}}]}},"s":{"0":5,"1":5,"2":5,"3":2,"4":2,"5":1,"6":2,"7":2,"8":2,"9":2,"10":1,"11":2,"12":2},"f":{"0":2,"1":1,"2":2,"3":1,"4":2},"b":{"0":[2,1],"1":[2,1]}}
}
