TN:
SF:src/bootstrap.ts
FN:13,Bootstrap
FN:18,CreateApplication
FN:26,(anonymous_2)
FNF:3
FNH:3
FNDA:1,Bootstrap
FNDA:3,CreateApplication
FNDA:3,(anonymous_2)
DA:1,2
DA:2,2
DA:3,2
DA:4,2
DA:5,2
DA:6,2
DA:13,2
DA:14,1
DA:15,1
DA:18,2
DA:21,3
DA:22,3
DA:23,3
DA:24,3
DA:26,3
DA:27,3
DA:28,3
DA:31,3
DA:32,3
DA:34,3
DA:35,1
DA:38,3
LF:22
LH:22
BRDA:19,0,0,2
BRDA:34,1,0,1
BRDA:34,1,1,2
BRF:3
BRH:3
end_of_record
TN:
SF:src/index.ts
FNF:0
FNH:0
DA:1,1
DA:2,1
DA:3,1
DA:4,1
DA:5,1
DA:6,1
LF:6
LH:6
BRF:0
BRH:0
end_of_record
TN:
SF:src/di/autowired.ts
FN:12,AutoWired
FN:13,(anonymous_1)
FN:34,getAutoWiredProperties
FN:42,(anonymous_3)
FNF:4
FNH:4
FNDA:3,AutoWired
FNDA:3,(anonymous_1)
FNDA:16,getAutoWiredProperties
FNDA:7,(anonymous_3)
DA:1,4
DA:3,4
DA:4,4
DA:12,4
DA:13,3
DA:14,3
DA:15,3
DA:22,3
DA:26,3
DA:27,3
DA:28,3
DA:29,3
DA:34,4
DA:36,16
DA:37,16
DA:39,16
DA:40,16
DA:42,16
DA:43,7
DA:44,7
DA:45,7
DA:49,16
DA:53,16
LF:23
LH:23
BRDA:12,0,0,2
BRDA:26,1,0,3
BRDA:26,1,1,2
BRDA:27,2,0,3
BRDA:27,2,1,0
BRDA:39,3,0,32
BRDA:39,3,1,32
BRDA:40,4,0,16
BRDA:40,4,1,12
BRDA:44,5,0,7
BRDA:44,5,1,0
BRDA:44,6,0,7
BRDA:44,6,1,7
BRF:13
BRH:11
end_of_record
TN:
SF:src/di/component.js
FN:8,Component
FN:9,(anonymous_1)
FN:13,getComponentMetadata
FN:16,(anonymous_3)
FN:18,(anonymous_4)
FNF:5
FNH:2
FNDA:18,Component
FNDA:18,(anonymous_1)
FNDA:0,getComponentMetadata
FNDA:0,(anonymous_3)
FNDA:0,(anonymous_4)
DA:2,9
DA:3,9
DA:4,9
DA:5,9
DA:6,9
DA:7,9
DA:9,18
DA:10,18
DA:14,0
DA:16,9
DA:17,9
DA:18,9
DA:19,9
LF:13
LH:12
BRDA:8,0,0,0
BRDA:16,1,0,0
BRDA:18,2,0,0
BRF:3
BRH:0
end_of_record
TN:
SF:src/di/container.ts
FN:14,(anonymous_9)
FN:25,(anonymous_10)
FN:37,(anonymous_11)
FN:57,(anonymous_12)
FN:75,(anonymous_13)
FN:80,(anonymous_14)
FN:83,(anonymous_15)
FN:85,(anonymous_16)
FN:94,(anonymous_17)
FN:114,(anonymous_18)
FN:127,(anonymous_19)
FN:137,(anonymous_20)
FN:145,(anonymous_21)
FN:152,(anonymous_22)
FN:154,(anonymous_23)
FN:172,(anonymous_24)
FN:182,(anonymous_25)
FN:183,(anonymous_26)
FN:190,(anonymous_27)
FN:209,(anonymous_28)
FNF:20
FNH:11
FNDA:11,(anonymous_9)
FNDA:0,(anonymous_10)
FNDA:0,(anonymous_11)
FNDA:3,(anonymous_12)
FNDA:15,(anonymous_13)
FNDA:0,(anonymous_14)
FNDA:16,(anonymous_15)
FNDA:0,(anonymous_16)
FNDA:2,(anonymous_17)
FNDA:0,(anonymous_18)
FNDA:15,(anonymous_19)
FNDA:4,(anonymous_20)
FNDA:2,(anonymous_21)
FNDA:16,(anonymous_22)
FNDA:6,(anonymous_23)
FNDA:20,(anonymous_24)
FNDA:0,(anonymous_25)
FNDA:0,(anonymous_26)
FNDA:0,(anonymous_27)
FNDA:0,(anonymous_28)
DA:1,4
DA:2,4
DA:3,4
DA:4,4
DA:5,4
DA:7,4
DA:8,4
DA:9,4
DA:10,4
DA:11,4
DA:14,4
DA:15,11
DA:16,11
DA:17,11
DA:18,11
DA:19,11
DA:20,11
DA:21,11
DA:26,0
DA:27,0
DA:28,0
DA:30,0
DA:31,0
DA:32,0
DA:33,0
DA:34,0
DA:35,0
DA:36,0
DA:37,0
DA:38,0
DA:39,0
DA:40,0
DA:42,0
DA:43,0
DA:44,0
DA:45,0
DA:46,0
DA:47,0
DA:48,0
DA:49,0
DA:58,3
DA:59,3
DA:60,3
DA:61,3
DA:62,3
DA:65,3
DA:66,0
DA:69,3
DA:77,15
DA:79,15
DA:80,0
DA:83,15
DA:84,16
DA:85,0
DA:86,0
DA:89,16
DA:92,16
DA:93,16
DA:94,16
DA:95,2
DA:96,2
DA:99,16
DA:101,16
DA:104,15
DA:105,15
DA:106,0
DA:110,15
DA:111,15
DA:112,0
DA:114,0
DA:118,15
DA:120,16
DA:124,15
DA:125,1
DA:127,14
DA:128,15
DA:129,14
DA:130,13
DA:132,14
DA:138,4
DA:139,4
DA:140,1
DA:142,3
DA:146,2
DA:147,2
DA:149,0
DA:153,16
DA:154,16
DA:155,6
DA:157,6
DA:158,0
DA:160,6
DA:162,4
DA:164,2
DA:165,1
DA:173,20
DA:174,20
DA:175,3
DA:177,17
DA:183,0
DA:184,0
DA:185,0
DA:186,0
DA:191,0
DA:192,0
DA:193,0
DA:195,0
DA:196,0
DA:197,0
DA:198,0
DA:199,0
DA:200,0
DA:201,0
DA:202,0
DA:205,0
DA:212,0
DA:214,0
DA:215,0
DA:216,0
DA:217,0
DA:219,0
DA:220,0
DA:221,0
DA:222,0
LF:124
LH:68
BRDA:25,0,0,0
BRDA:27,1,0,0
BRDA:27,1,1,0
BRDA:32,2,0,0
BRDA:32,2,1,0
BRDA:33,3,0,0
BRDA:33,3,1,0
BRDA:34,4,0,0
BRDA:34,4,1,0
BRDA:35,5,0,0
BRDA:35,5,1,0
BRDA:36,6,0,0
BRDA:36,6,1,0
BRDA:43,7,0,0
BRDA:43,7,1,0
BRDA:43,8,0,0
BRDA:43,8,1,0
BRDA:43,8,2,0
BRDA:43,8,3,0
BRDA:45,9,0,0
BRDA:45,9,1,0
BRDA:45,10,0,0
BRDA:45,10,1,0
BRDA:47,11,0,0
BRDA:47,11,1,0
BRDA:48,12,0,0
BRDA:48,12,1,0
BRDA:58,13,0,3
BRDA:58,13,1,0
BRDA:60,14,0,3
BRDA:60,14,1,3
BRDA:65,15,0,0
BRDA:65,15,1,3
BRDA:77,16,0,15
BRDA:77,16,1,14
BRDA:79,17,0,0
BRDA:79,17,1,15
BRDA:80,18,0,0
BRDA:80,18,1,0
BRDA:84,19,0,0
BRDA:84,19,1,16
BRDA:85,20,0,0
BRDA:85,20,1,0
BRDA:105,21,0,0
BRDA:105,21,1,15
BRDA:105,22,0,15
BRDA:105,22,1,0
BRDA:111,23,0,0
BRDA:111,23,1,15
BRDA:111,24,0,15
BRDA:111,24,1,0
BRDA:124,25,0,1
BRDA:124,25,1,14
BRDA:128,26,0,14
BRDA:128,26,1,1
BRDA:139,27,0,1
BRDA:139,27,1,3
BRDA:146,28,0,2
BRDA:146,28,1,0
BRDA:157,29,0,0
BRDA:157,29,1,6
BRDA:164,30,0,1
BRDA:164,30,1,1
BRDA:174,31,0,3
BRDA:174,31,1,17
BRDA:192,32,0,0
BRDA:192,32,1,0
BRDA:198,33,0,0
BRDA:198,33,1,0
BRDA:198,34,0,0
BRDA:198,34,1,0
BRDA:201,35,0,0
BRDA:201,35,1,0
BRDA:214,36,0,0
BRDA:214,36,1,0
BRDA:215,37,0,0
BRDA:215,37,1,0
BRDA:217,38,0,0
BRDA:217,38,1,0
BRDA:219,39,0,0
BRDA:219,39,1,0
BRDA:219,40,0,0
BRDA:219,40,1,0
BRDA:219,40,2,0
BRDA:219,40,3,0
BRF:85
BRH:24
end_of_record
TN:
SF:src/di/index.ts
FN:1,(anonymous_4)
FN:2,(anonymous_5)
FN:5,(anonymous_6)
FNF:3
FNH:1
FNDA:0,(anonymous_4)
FNDA:11,(anonymous_5)
FNDA:0,(anonymous_6)
DA:1,4
DA:2,15
DA:3,4
DA:5,4
DA:6,4
DA:7,4
DA:8,4
LF:7
LH:7
BRF:0
BRH:0
end_of_record
TN:
SF:src/di/lifecycle.js
FN:11,PostConstruct
FN:12,(anonymous_1)
FN:17,PreDestroy
FN:18,(anonymous_3)
FN:22,getPostConstructMethod
FN:25,getPreDestroyMethod
FNF:6
FNH:4
FNDA:9,PostConstruct
FNDA:9,(anonymous_1)
FNDA:0,PreDestroy
FNDA:0,(anonymous_3)
FNDA:15,getPostConstructMethod
FNDA:15,getPreDestroyMethod
DA:2,9
DA:3,9
DA:4,9
DA:5,9
DA:6,9
DA:7,9
DA:8,9
DA:9,9
DA:10,9
DA:12,9
DA:13,9
DA:18,0
DA:19,0
DA:23,15
DA:26,15
LF:15
LH:13
BRF:0
BRH:0
end_of_record
TN:
SF:src/di/qualifier.ts
FN:5,Qualifier
FN:6,(anonymous_1)
FN:16,getQualifier
FN:23,getConstructorQualifiers
FNF:4
FNH:3
FNDA:2,Qualifier
FNDA:2,(anonymous_1)
FNDA:0,getQualifier
FNDA:16,getConstructorQualifiers
DA:1,4
DA:3,4
DA:5,4
DA:6,2
DA:7,2
DA:9,2
DA:10,2
DA:11,2
DA:16,4
DA:17,0
DA:18,0
DA:20,0
DA:23,4
DA:24,16
LF:14
LH:11
BRDA:7,0,0,2
BRDA:7,0,1,0
BRDA:9,1,0,2
BRDA:9,1,1,1
BRDA:17,2,0,0
BRDA:17,2,1,0
BRF:6
BRH:3
end_of_record
TN:
SF:src/di/stereotypes.js
FN:5,(anonymous_0)
FN:7,(anonymous_1)
FN:9,(anonymous_2)
FNF:3
FNH:1
FNDA:18,(anonymous_0)
FNDA:0,(anonymous_1)
FNDA:0,(anonymous_2)
DA:2,9
DA:3,9
DA:4,9
DA:5,18
DA:6,9
DA:7,9
DA:8,9
DA:9,9
DA:10,9
LF:9
LH:9
BRDA:5,0,0,7
BRDA:7,1,0,0
BRDA:9,2,0,0
BRF:3
BRH:1
end_of_record
TN:
SF:src/http/application.ts
FN:28,(anonymous_0)
FN:35,(anonymous_1)
FN:42,(anonymous_2)
FN:49,(anonymous_3)
FN:58,(anonymous_4)
FN:69,(anonymous_5)
FN:130,(anonymous_6)
FN:141,(anonymous_7)
FN:145,(anonymous_8)
FN:149,(anonymous_9)
FN:154,createHttpAdapter
FN:181,registerContainerInLifecycle
FNF:12
FNH:12
FNDA:1,(anonymous_0)
FNDA:1,(anonymous_1)
FNDA:7,(anonymous_2)
FNDA:2,(anonymous_3)
FNDA:11,(anonymous_4)
FNDA:7,(anonymous_5)
FNDA:1,(anonymous_6)
FNDA:1,(anonymous_7)
FNDA:1,(anonymous_8)
FNDA:1,(anonymous_9)
FNDA:6,createHttpAdapter
FNDA:1,registerContainerInLifecycle
DA:5,2
DA:6,2
DA:7,2
DA:23,2
DA:28,2
DA:30,1
DA:35,2
DA:36,1
DA:37,1
DA:39,0
DA:42,2
DA:43,7
DA:44,0
DA:46,7
DA:49,2
DA:50,2
DA:53,2
DA:63,11
DA:64,11
DA:65,11
DA:66,11
DA:75,7
DA:76,7
DA:77,5
DA:78,1
DA:81,4
DA:82,1
DA:83,1
DA:84,1
DA:87,3
DA:88,2
DA:89,1
DA:90,1
DA:92,1
DA:93,1
DA:94,1
DA:95,1
DA:98,1
DA:99,1
DA:100,1
DA:101,1
DA:103,0
DA:105,2
DA:106,0
DA:109,2
DA:110,1
DA:111,1
DA:112,1
DA:114,0
DA:115,0
DA:116,0
DA:119,1
DA:120,1
DA:121,1
DA:124,0
DA:125,0
DA:126,0
DA:131,1
DA:132,1
DA:134,1
DA:135,1
DA:136,1
DA:137,1
DA:142,1
DA:146,1
DA:150,1
DA:154,2
DA:158,6
DA:159,1
DA:162,5
DA:163,1
DA:166,4
DA:167,1
DA:170,3
DA:171,1
DA:174,2
DA:175,1
DA:178,1
DA:181,2
DA:185,1
DA:186,1
LF:81
LH:71
BRDA:31,0,0,1
BRDA:31,0,1,0
BRDA:32,1,0,1
BRDA:32,1,1,0
BRDA:36,2,0,1
BRDA:36,2,1,0
BRDA:36,3,0,1
BRDA:36,3,1,0
BRDA:43,4,0,0
BRDA:43,4,1,7
BRDA:43,5,0,7
BRDA:43,5,1,7
BRDA:46,6,0,0
BRDA:46,6,1,7
BRDA:46,7,0,7
BRDA:46,7,1,0
BRDA:50,8,0,2
BRDA:50,8,1,2
BRDA:77,9,0,1
BRDA:77,9,1,4
BRDA:81,10,0,1
BRDA:81,10,1,3
BRDA:87,11,0,2
BRDA:87,11,1,1
BRDA:88,12,0,1
BRDA:88,12,1,1
BRDA:92,13,0,1
BRDA:92,13,1,1
BRDA:98,14,0,1
BRDA:98,14,1,1
BRDA:99,15,0,1
BRDA:99,15,1,0
BRDA:105,16,0,0
BRDA:105,16,1,2
BRDA:109,17,0,1
BRDA:109,17,1,1
BRDA:110,18,0,1
BRDA:110,18,1,0
BRDA:110,19,0,1
BRDA:110,19,1,1
BRDA:119,20,0,1
BRDA:119,20,1,0
BRDA:119,21,0,1
BRDA:119,21,1,1
BRDA:134,22,0,1
BRDA:134,22,1,0
BRDA:155,23,0,1
BRDA:158,24,0,1
BRDA:158,24,1,5
BRDA:162,25,0,1
BRDA:162,25,1,4
BRDA:166,26,0,1
BRDA:166,26,1,3
BRDA:170,27,0,1
BRDA:170,27,1,2
BRDA:174,28,0,1
BRDA:174,28,1,1
BRF:57
BRH:45
end_of_record
TN:
SF:src/http/express-adapter.ts
FN:11,(anonymous_0)
FN:18,(anonymous_1)
FN:19,(anonymous_2)
FN:30,(anonymous_3)
FN:31,(anonymous_4)
FN:32,(anonymous_5)
FN:42,(anonymous_6)
FN:46,(anonymous_7)
FN:47,(anonymous_8)
FNF:9
FNH:9
FNDA:5,(anonymous_0)
FNDA:2,(anonymous_1)
FNDA:2,(anonymous_2)
FNDA:1,(anonymous_3)
FNDA:1,(anonymous_4)
FNDA:1,(anonymous_5)
FNDA:1,(anonymous_6)
FNDA:1,(anonymous_7)
FNDA:1,(anonymous_8)
DA:4,3
DA:6,3
DA:7,5
DA:12,5
DA:13,1
DA:15,4
DA:19,2
DA:20,2
DA:21,2
DA:22,1
DA:23,1
DA:25,1
DA:26,1
DA:31,1
DA:32,1
DA:33,1
DA:34,0
DA:35,0
DA:37,1
DA:43,1
DA:44,0
DA:46,1
DA:47,1
DA:48,1
DA:49,0
DA:50,0
DA:52,1
DA:55,1
LF:28
LH:23
BRDA:12,0,0,1
BRDA:12,0,1,4
BRDA:12,1,0,5
BRDA:12,1,1,5
BRDA:12,1,2,4
BRDA:20,2,0,2
BRDA:20,2,1,0
BRDA:21,3,0,1
BRDA:21,3,1,1
BRDA:25,4,0,1
BRDA:25,4,1,0
BRDA:25,4,2,0
BRDA:33,5,0,0
BRDA:33,5,1,1
BRDA:43,6,0,0
BRDA:43,6,1,1
BRDA:48,7,0,0
BRDA:48,7,1,1
BRF:18
BRH:12
end_of_record
TN:
SF:src/http/fastify-adapter.ts
FN:10,(anonymous_0)
FN:17,(anonymous_1)
FN:21,(anonymous_2)
FN:33,(anonymous_3)
FN:37,(anonymous_4)
FNF:5
FNH:5
FNDA:5,(anonymous_0)
FNDA:2,(anonymous_1)
FNDA:2,(anonymous_2)
FNDA:1,(anonymous_3)
FNDA:1,(anonymous_4)
DA:4,3
DA:6,3
DA:7,5
DA:11,5
DA:12,1
DA:14,4
DA:18,2
DA:22,2
DA:23,2
DA:24,1
DA:25,1
DA:27,1
DA:28,1
DA:34,1
DA:38,1
LF:15
LH:15
BRDA:11,0,0,1
BRDA:11,0,1,4
BRDA:11,1,0,5
BRDA:11,1,1,5
BRDA:11,1,2,4
BRDA:22,2,0,2
BRDA:22,2,1,0
BRDA:23,3,0,1
BRDA:23,3,1,1
BRDA:27,4,0,1
BRDA:27,4,1,0
BRF:11
BRH:9
end_of_record
TN:
SF:src/http/index.ts
FNF:0
FNH:0
DA:1,1
DA:2,1
DA:3,1
DA:4,1
DA:5,1
LF:5
LH:5
BRF:0
BRH:0
end_of_record
TN:
SF:src/http/node-http-adapter.ts
FN:7,(anonymous_0)
FN:12,(anonymous_1)
FN:16,(anonymous_2)
FN:22,(anonymous_3)
FN:43,(anonymous_4)
FN:45,(anonymous_5)
FN:49,(anonymous_6)
FN:53,(anonymous_7)
FN:54,(anonymous_8)
FNF:9
FNH:9
FNDA:6,(anonymous_0)
FNDA:4,(anonymous_1)
FNDA:5,(anonymous_2)
FNDA:3,(anonymous_3)
FNDA:4,(anonymous_4)
FNDA:4,(anonymous_5)
FNDA:2,(anonymous_6)
FNDA:1,(anonymous_7)
FNDA:1,(anonymous_8)
DA:1,3
DA:5,3
DA:7,3
DA:8,6
DA:13,4
DA:17,5
DA:18,1
DA:21,4
DA:22,4
DA:23,3
DA:24,3
DA:25,3
DA:26,1
DA:27,1
DA:28,1
DA:31,2
DA:32,2
DA:33,2
DA:34,2
DA:36,1
DA:37,1
DA:38,1
DA:43,4
DA:44,4
DA:45,4
DA:50,2
DA:51,1
DA:53,1
DA:54,1
DA:55,1
DA:56,0
DA:57,0
DA:59,1
DA:62,1
LF:34
LH:32
BRDA:17,0,0,1
BRDA:17,0,1,4
BRDA:21,1,0,4
BRDA:21,1,1,0
BRDA:24,2,0,3
BRDA:24,2,1,0
BRDA:25,3,0,1
BRDA:25,3,1,2
BRDA:31,4,0,2
BRDA:31,4,1,0
BRDA:32,5,0,2
BRDA:32,5,1,0
BRDA:33,6,0,2
BRDA:33,6,1,0
BRDA:50,7,0,1
BRDA:50,7,1,1
BRDA:55,8,0,0
BRDA:55,8,1,1
BRF:18
BRH:12
end_of_record
TN:
SF:src/kernel/index.ts
FNF:0
FNH:0
DA:1,1
DA:2,1
LF:2
LH:2
BRF:0
BRH:0
end_of_record
TN:
SF:src/kernel/kernel.ts
FN:12,(anonymous_0)
FN:14,(anonymous_1)
FN:32,(anonymous_2)
FN:36,(anonymous_3)
FNF:4
FNH:4
FNDA:3,(anonymous_0)
FNDA:3,(anonymous_1)
FNDA:3,(anonymous_2)
FNDA:1,(anonymous_3)
DA:1,2
DA:2,2
DA:3,2
DA:4,2
DA:5,2
DA:7,2
DA:16,3
DA:18,3
DA:24,3
DA:25,9
DA:26,4
DA:30,3
DA:32,3
DA:33,3
DA:37,1
LF:15
LH:15
BRDA:25,0,0,4
BRDA:25,0,1,5
BRF:2
BRH:2
end_of_record
TN:
SF:src/kernel/kernellisteners.ts
FN:6,(anonymous_2)
FN:9,(anonymous_3)
FN:16,(anonymous_4)
FN:21,(anonymous_5)
FN:26,(anonymous_6)
FN:31,(anonymous_7)
FN:36,(anonymous_8)
FN:44,(anonymous_9)
FNF:8
FNH:8
FNDA:3,(anonymous_2)
FNDA:6,(anonymous_3)
FNDA:1,(anonymous_4)
FNDA:1,(anonymous_5)
FNDA:1,(anonymous_6)
FNDA:1,(anonymous_7)
FNDA:2,(anonymous_8)
FNDA:2,(anonymous_9)
DA:1,2
DA:2,2
DA:6,2
DA:7,3
DA:10,6
DA:11,6
DA:16,2
DA:17,1
DA:21,2
DA:22,1
DA:26,2
DA:27,1
DA:31,2
DA:32,1
DA:36,2
DA:37,2
DA:38,1
DA:40,1
DA:44,2
DA:45,2
DA:46,1
DA:48,1
LF:22
LH:22
BRDA:10,0,0,6
BRDA:10,0,1,0
BRDA:37,1,0,1
BRDA:37,1,1,1
BRDA:45,2,0,1
BRDA:45,2,1,1
BRF:6
BRH:5
end_of_record
TN:
SF:src/server/application-lifecycle.ts
FN:34,(anonymous_9)
FN:36,(anonymous_10)
FN:39,(anonymous_11)
FN:42,(anonymous_12)
FN:44,(anonymous_13)
FN:47,(anonymous_14)
FN:51,(anonymous_15)
FN:55,(anonymous_16)
FN:62,(anonymous_17)
FN:69,(anonymous_18)
FN:80,(anonymous_19)
FN:82,(anonymous_20)
FN:115,(anonymous_21)
FN:117,(anonymous_22)
FN:122,(anonymous_23)
FN:128,(anonymous_24)
FN:142,(anonymous_25)
FN:143,(anonymous_26)
FN:148,(anonymous_27)
FN:160,(anonymous_28)
FN:178,(anonymous_29)
FNF:21
FNH:10
FNDA:1,(anonymous_9)
FNDA:0,(anonymous_10)
FNDA:0,(anonymous_11)
FNDA:0,(anonymous_12)
FNDA:0,(anonymous_13)
FNDA:1,(anonymous_14)
FNDA:0,(anonymous_15)
FNDA:1,(anonymous_16)
FNDA:1,(anonymous_17)
FNDA:1,(anonymous_18)
FNDA:1,(anonymous_19)
FNDA:1,(anonymous_20)
FNDA:1,(anonymous_21)
FNDA:2,(anonymous_22)
FNDA:1,(anonymous_23)
FNDA:0,(anonymous_24)
FNDA:0,(anonymous_25)
FNDA:0,(anonymous_26)
FNDA:0,(anonymous_27)
FNDA:0,(anonymous_28)
FNDA:0,(anonymous_29)
DA:9,5
DA:10,5
DA:28,5
DA:29,1
DA:31,1
DA:32,1
DA:37,0
DA:38,0
DA:39,0
DA:43,0
DA:44,0
DA:48,1
DA:52,0
DA:56,1
DA:57,1
DA:59,0
DA:63,1
DA:64,1
DA:66,0
DA:74,1
DA:75,1
DA:77,0
DA:81,1
DA:82,1
DA:85,1
DA:86,0
DA:89,1
DA:97,1
DA:98,1
DA:99,1
DA:100,0
DA:104,1
DA:105,1
DA:106,1
DA:107,1
DA:108,1
DA:110,1
DA:113,1
DA:115,1
DA:117,1
DA:118,2
DA:119,1
DA:121,1
DA:122,1
DA:125,1
DA:129,0
DA:130,0
DA:131,0
DA:132,0
DA:134,0
DA:135,0
DA:136,0
DA:143,0
DA:144,0
DA:149,0
DA:150,0
DA:151,0
DA:152,0
DA:154,0
DA:156,0
DA:158,0
DA:160,0
DA:161,0
DA:162,0
DA:168,0
DA:169,0
DA:170,0
DA:172,0
DA:173,0
DA:179,0
DA:180,0
DA:181,0
DA:183,0
LF:73
LH:34
BRDA:36,0,0,0
BRDA:37,1,0,0
BRDA:37,1,1,0
BRDA:42,2,0,0
BRDA:42,3,0,0
BRDA:56,4,0,1
BRDA:56,4,1,0
BRDA:63,5,0,1
BRDA:63,5,1,0
BRDA:74,6,0,1
BRDA:74,6,1,0
BRDA:82,7,0,1
BRDA:82,7,1,1
BRDA:85,8,0,0
BRDA:85,8,1,1
BRDA:99,9,0,0
BRDA:99,9,1,1
BRDA:118,10,0,1
BRDA:118,10,1,1
BRDA:129,11,0,0
BRDA:129,11,1,0
BRDA:135,12,0,0
BRDA:135,12,1,0
BRDA:179,13,0,0
BRDA:179,13,1,0
BRF:25
BRH:9
end_of_record
TN:
SF:src/server/index.ts
FNF:0
FNH:0
DA:1,4
DA:2,4
DA:3,4
DA:4,4
LF:4
LH:4
BRF:0
BRH:0
end_of_record
TN:
SF:src/server/registercontrollers.ts
FN:10,(anonymous_0)
FN:20,registerControllerRoutes
FN:38,(anonymous_2)
FNF:3
FNH:3
FNDA:1,(anonymous_0)
FNDA:1,registerControllerRoutes
FNDA:1,(anonymous_2)
DA:1,5
DA:2,5
DA:10,5
DA:11,1
DA:12,1
DA:13,1
DA:14,1
DA:15,0
DA:17,1
DA:20,5
DA:21,1
DA:24,1
DA:25,0
DA:28,1
DA:29,1
DA:30,1
DA:38,1
LF:17
LH:15
BRDA:11,0,0,1
BRDA:11,0,1,0
BRDA:12,1,0,1
BRDA:12,1,1,0
BRDA:14,2,0,0
BRDA:14,2,1,1
BRDA:14,3,0,1
BRDA:14,3,1,1
BRDA:17,4,0,1
BRDA:17,4,1,0
BRDA:24,5,0,0
BRDA:24,5,1,1
BRF:12
BRH:7
end_of_record
TN:
SF:src/server/registereventhandlers.ts
FN:8,registerEventHandlers
FN:10,(anonymous_1)
FN:11,(anonymous_2)
FN:15,(anonymous_3)
FN:16,(anonymous_4)
FNF:5
FNH:5
FNDA:2,registerEventHandlers
FNDA:1,(anonymous_1)
FNDA:2,(anonymous_2)
FNDA:1,(anonymous_3)
FNDA:2,(anonymous_4)
DA:1,5
DA:5,5
DA:8,5
DA:9,2
DA:10,2
DA:11,2
DA:14,2
DA:15,2
DA:16,2
LF:9
LH:9
BRDA:9,0,0,2
BRDA:9,0,1,1
BRDA:14,1,0,2
BRDA:14,1,1,1
BRF:4
BRH:4
end_of_record
