{"/mnt/e/proyectos/xTaskJS/code/src/packages/common/src/decorators/core/server/constants.ts": {"path":"/mnt/e/proyectos/xTaskJS/code/src/packages/common/src/decorators/core/server/constants.ts","statementMap":{"0":{"start":{"line":1,"column":13},"end":{"line":1,"column":60}},"1":{"start":{"line":2,"column":13},"end":{"line":2,"column":53}},"2":{"start":{"line":3,"column":13},"end":{"line":3,"column":60}},"3":{"start":{"line":4,"column":13},"end":{"line":4,"column":51}},"4":{"start":{"line":5,"column":13},"end":{"line":5,"column":66}},"5":{"start":{"line":6,"column":13},"end":{"line":6,"column":70}}},"fnMap":{},"branchMap":{},"s":{"0":1,"1":1,"2":1,"3":1,"4":1,"5":1},"f":{},"b":{}}
,"/mnt/e/proyectos/xTaskJS/code/src/packages/common/src/decorators/core/server/controller.ts": {"path":"/mnt/e/proyectos/xTaskJS/code/src/packages/common/src/decorators/core/server/controller.ts","statementMap":{"0":{"start":{"line":144,"column":0},"end":{"line":144,"column":16}},"1":{"start":{"line":173,"column":0},"end":{"line":173,"column":16}},"2":{"start":{"line":183,"column":0},"end":{"line":183,"column":16}},"3":{"start":{"line":193,"column":0},"end":{"line":193,"column":16}},"4":{"start":{"line":203,"column":0},"end":{"line":203,"column":16}},"5":{"start":{"line":217,"column":0},"end":{"line":217,"column":16}},"6":{"start":{"line":1,"column":0},"end":{"line":1,"column":null}},"7":{"start":{"line":24,"column":22},"end":{"line":28,"column":2}},"8":{"start":{"line":24,"column":47},"end":{"line":28,"column":2}},"9":{"start":{"line":30,"column":22},"end":{"line":39,"column":1}},"10":{"start":{"line":31,"column":17},"end":{"line":31,"column":37}},"11":{"start":{"line":32,"column":2},"end":{"line":34,"column":3}},"12":{"start":{"line":33,"column":4},"end":{"line":33,"column":14}},"13":{"start":{"line":35,"column":27},"end":{"line":35,"column":73}},"14":{"start":{"line":36,"column":2},"end":{"line":38,"column":23}},"15":{"start":{"line":41,"column":25},"end":{"line":46,"column":1}},"16":{"start":{"line":42,"column":15},"end":{"line":42,"column":null}},"17":{"start":{"line":45,"column":2},"end":{"line":45,"column":33}},"18":{"start":{"line":48,"column":25},"end":{"line":50,"column":1}},"19":{"start":{"line":49,"column":2},"end":{"line":49,"column":63}},"20":{"start":{"line":52,"column":27},"end":{"line":57,"column":1}},"21":{"start":{"line":53,"column":18},"end":{"line":53,"column":null}},"22":{"start":{"line":56,"column":2},"end":{"line":56,"column":23}},"23":{"start":{"line":59,"column":27},"end":{"line":61,"column":1}},"24":{"start":{"line":60,"column":2},"end":{"line":60,"column":64}},"25":{"start":{"line":63,"column":29},"end":{"line":72,"column":1}},"26":{"start":{"line":64,"column":18},"end":{"line":64,"column":44}},"27":{"start":{"line":65,"column":14},"end":{"line":65,"column":72}},"28":{"start":{"line":65,"column":42},"end":{"line":65,"column":71}},"29":{"start":{"line":66,"column":2},"end":{"line":70,"column":3}},"30":{"start":{"line":67,"column":4},"end":{"line":67,"column":51}},"31":{"start":{"line":68,"column":4},"end":{"line":68,"column":24}},"32":{"start":{"line":69,"column":4},"end":{"line":69,"column":40}},"33":{"start":{"line":71,"column":2},"end":{"line":71,"column":24}},"34":{"start":{"line":74,"column":31},"end":{"line":78,"column":1}},"35":{"start":{"line":75,"column":19},"end":{"line":75,"column":43}},"36":{"start":{"line":76,"column":2},"end":{"line":76,"column":44}},"37":{"start":{"line":77,"column":2},"end":{"line":77,"column":37}},"38":{"start":{"line":80,"column":26},"end":{"line":84,"column":1}},"39":{"start":{"line":81,"column":19},"end":{"line":81,"column":43}},"40":{"start":{"line":82,"column":2},"end":{"line":82,"column":34}},"41":{"start":{"line":83,"column":2},"end":{"line":83,"column":37}},"42":{"start":{"line":86,"column":25},"end":{"line":90,"column":1}},"43":{"start":{"line":87,"column":19},"end":{"line":87,"column":43}},"44":{"start":{"line":88,"column":2},"end":{"line":88,"column":32}},"45":{"start":{"line":89,"column":2},"end":{"line":89,"column":37}},"46":{"start":{"line":92,"column":32},"end":{"line":99,"column":1}},"47":{"start":{"line":97,"column":19},"end":{"line":97,"column":68}},"48":{"start":{"line":98,"column":2},"end":{"line":98,"column":44}},"49":{"start":{"line":101,"column":27},"end":{"line":104,"column":1}},"50":{"start":{"line":102,"column":19},"end":{"line":102,"column":68}},"51":{"start":{"line":103,"column":2},"end":{"line":103,"column":34}},"52":{"start":{"line":106,"column":26},"end":{"line":109,"column":1}},"53":{"start":{"line":107,"column":19},"end":{"line":107,"column":68}},"54":{"start":{"line":108,"column":2},"end":{"line":108,"column":32}},"55":{"start":{"line":111,"column":25},"end":{"line":116,"column":1}},"56":{"start":{"line":112,"column":2},"end":{"line":114,"column":3}},"57":{"start":{"line":113,"column":4},"end":{"line":113,"column":35}},"58":{"start":{"line":115,"column":2},"end":{"line":115,"column":29}},"59":{"start":{"line":118,"column":28},"end":{"line":142,"column":1}},"60":{"start":{"line":119,"column":2},"end":{"line":141,"column":4}},"61":{"start":{"line":120,"column":20},"end":{"line":120,"column":51}},"62":{"start":{"line":121,"column":4},"end":{"line":140,"column":6}},"63":{"start":{"line":123,"column":8},"end":{"line":123,"column":65}},"64":{"start":{"line":124,"column":6},"end":{"line":128,"column":9}},"65":{"start":{"line":129,"column":6},"end":{"line":129,"column":69}},"66":{"start":{"line":131,"column":6},"end":{"line":133,"column":7}},"67":{"start":{"line":132,"column":8},"end":{"line":132,"column":74}},"68":{"start":{"line":134,"column":6},"end":{"line":136,"column":7}},"69":{"start":{"line":135,"column":8},"end":{"line":135,"column":64}},"70":{"start":{"line":137,"column":6},"end":{"line":139,"column":7}},"71":{"start":{"line":138,"column":8},"end":{"line":138,"column":62}},"72":{"start":{"line":146,"column":4},"end":{"line":146,"column":79}},"73":{"start":{"line":147,"column":2},"end":{"line":165,"column":4}},"74":{"start":{"line":148,"column":4},"end":{"line":154,"column":6}},"75":{"start":{"line":156,"column":4},"end":{"line":158,"column":5}},"76":{"start":{"line":157,"column":6},"end":{"line":157,"column":58}},"77":{"start":{"line":159,"column":4},"end":{"line":161,"column":5}},"78":{"start":{"line":160,"column":6},"end":{"line":160,"column":48}},"79":{"start":{"line":162,"column":4},"end":{"line":164,"column":5}},"80":{"start":{"line":163,"column":6},"end":{"line":163,"column":46}},"81":{"start":{"line":168,"column":13},"end":{"line":168,"column":46}},"82":{"start":{"line":169,"column":13},"end":{"line":169,"column":48}},"83":{"start":{"line":170,"column":13},"end":{"line":170,"column":50}},"84":{"start":{"line":171,"column":13},"end":{"line":171,"column":52}},"85":{"start":{"line":174,"column":2},"end":{"line":180,"column":4}},"86":{"start":{"line":175,"column":4},"end":{"line":178,"column":5}},"87":{"start":{"line":176,"column":6},"end":{"line":176,"column":50}},"88":{"start":{"line":177,"column":6},"end":{"line":177,"column":13}},"89":{"start":{"line":179,"column":4},"end":{"line":179,"column":62}},"90":{"start":{"line":184,"column":2},"end":{"line":190,"column":4}},"91":{"start":{"line":185,"column":4},"end":{"line":188,"column":5}},"92":{"start":{"line":186,"column":6},"end":{"line":186,"column":40}},"93":{"start":{"line":187,"column":6},"end":{"line":187,"column":13}},"94":{"start":{"line":189,"column":4},"end":{"line":189,"column":52}},"95":{"start":{"line":194,"column":2},"end":{"line":200,"column":4}},"96":{"start":{"line":195,"column":4},"end":{"line":198,"column":5}},"97":{"start":{"line":196,"column":6},"end":{"line":196,"column":38}},"98":{"start":{"line":197,"column":6},"end":{"line":197,"column":13}},"99":{"start":{"line":199,"column":4},"end":{"line":199,"column":50}},"100":{"start":{"line":204,"column":55},"end":{"line":204,"column":99}},"101":{"start":{"line":205,"column":2},"end":{"line":207,"column":3}},"102":{"start":{"line":206,"column":4},"end":{"line":206,"column":21}},"103":{"start":{"line":208,"column":19},"end":{"line":208,"column":43}},"104":{"start":{"line":209,"column":2},"end":{"line":214,"column":4}},"105":{"start":{"line":219,"column":4},"end":{"line":219,"column":49}},"106":{"start":{"line":220,"column":26},"end":{"line":220,"column":52}},"107":{"start":{"line":221,"column":2},"end":{"line":229,"column":5}},"108":{"start":{"line":222,"column":27},"end":{"line":222,"column":99}},"109":{"start":{"line":222,"column":58},"end":{"line":222,"column":88}},"110":{"start":{"line":223,"column":4},"end":{"line":228,"column":6}}},"fnMap":{"0":{"name":"(anonymous_0)","decl":{"start":{"line":24,"column":22},"end":{"line":24,"column":43}},"loc":{"start":{"line":24,"column":47},"end":{"line":28,"column":2}}},"1":{"name":"(anonymous_1)","decl":{"start":{"line":30,"column":22},"end":{"line":30,"column":23}},"loc":{"start":{"line":30,"column":49},"end":{"line":39,"column":1}}},"2":{"name":"(anonymous_2)","decl":{"start":{"line":41,"column":25},"end":{"line":41,"column":26}},"loc":{"start":{"line":41,"column":59},"end":{"line":46,"column":1}}},"3":{"name":"(anonymous_3)","decl":{"start":{"line":48,"column":25},"end":{"line":48,"column":26}},"loc":{"start":{"line":48,"column":69},"end":{"line":50,"column":1}}},"4":{"name":"(anonymous_4)","decl":{"start":{"line":52,"column":27},"end":{"line":52,"column":28}},"loc":{"start":{"line":52,"column":66},"end":{"line":57,"column":1}}},"5":{"name":"(anonymous_5)","decl":{"start":{"line":59,"column":27},"end":{"line":59,"column":28}},"loc":{"start":{"line":59,"column":75},"end":{"line":61,"column":1}}},"6":{"name":"(anonymous_6)","decl":{"start":{"line":63,"column":29},"end":{"line":63,"column":30}},"loc":{"start":{"line":63,"column":85},"end":{"line":72,"column":1}}},"7":{"name":"(anonymous_7)","decl":{"start":{"line":65,"column":27},"end":{"line":65,"column":28}},"loc":{"start":{"line":65,"column":42},"end":{"line":65,"column":71}}},"8":{"name":"(anonymous_8)","decl":{"start":{"line":74,"column":31},"end":{"line":74,"column":32}},"loc":{"start":{"line":74,"column":78},"end":{"line":78,"column":1}}},"9":{"name":"(anonymous_9)","decl":{"start":{"line":80,"column":26},"end":{"line":80,"column":27}},"loc":{"start":{"line":80,"column":63},"end":{"line":84,"column":1}}},"10":{"name":"(anonymous_10)","decl":{"start":{"line":86,"column":25},"end":{"line":86,"column":26}},"loc":{"start":{"line":86,"column":60},"end":{"line":90,"column":1}}},"11":{"name":"(anonymous_11)","decl":{"start":{"line":92,"column":32},"end":{"line":92,"column":null}},"loc":{"start":{"line":96,"column":4},"end":{"line":99,"column":1}}},"12":{"name":"(anonymous_12)","decl":{"start":{"line":101,"column":27},"end":{"line":101,"column":28}},"loc":{"start":{"line":101,"column":86},"end":{"line":104,"column":1}}},"13":{"name":"(anonymous_13)","decl":{"start":{"line":106,"column":26},"end":{"line":106,"column":27}},"loc":{"start":{"line":106,"column":83},"end":{"line":109,"column":1}}},"14":{"name":"(anonymous_14)","decl":{"start":{"line":111,"column":25},"end":{"line":111,"column":26}},"loc":{"start":{"line":111,"column":92},"end":{"line":116,"column":1}}},"15":{"name":"(anonymous_15)","decl":{"start":{"line":118,"column":28},"end":{"line":118,"column":29}},"loc":{"start":{"line":118,"column":51},"end":{"line":142,"column":1}}},"16":{"name":"(anonymous_16)","decl":{"start":{"line":119,"column":9},"end":{"line":119,"column":10}},"loc":{"start":{"line":119,"column":72},"end":{"line":141,"column":3}}},"17":{"name":"(anonymous_17)","decl":{"start":{"line":121,"column":11},"end":{"line":121,"column":12}},"loc":{"start":{"line":121,"column":35},"end":{"line":140,"column":5}}},"18":{"name":"Controller","decl":{"start":{"line":144,"column":16},"end":{"line":144,"column":26}},"loc":{"start":{"line":144,"column":73},"end":{"line":166,"column":1}}},"19":{"name":"(anonymous_19)","decl":{"start":{"line":147,"column":9},"end":{"line":147,"column":10}},"loc":{"start":{"line":147,"column":20},"end":{"line":165,"column":3}}},"20":{"name":"UseMiddlewares","decl":{"start":{"line":173,"column":16},"end":{"line":173,"column":30}},"loc":{"start":{"line":173,"column":63},"end":{"line":181,"column":1}}},"21":{"name":"(anonymous_21)","decl":{"start":{"line":174,"column":9},"end":{"line":174,"column":10}},"loc":{"start":{"line":174,"column":56},"end":{"line":180,"column":3}}},"22":{"name":"UseGuards","decl":{"start":{"line":183,"column":16},"end":{"line":183,"column":25}},"loc":{"start":{"line":183,"column":48},"end":{"line":191,"column":1}}},"23":{"name":"(anonymous_23)","decl":{"start":{"line":184,"column":9},"end":{"line":184,"column":10}},"loc":{"start":{"line":184,"column":56},"end":{"line":190,"column":3}}},"24":{"name":"UsePipes","decl":{"start":{"line":193,"column":16},"end":{"line":193,"column":24}},"loc":{"start":{"line":193,"column":45},"end":{"line":201,"column":1}}},"25":{"name":"(anonymous_25)","decl":{"start":{"line":194,"column":9},"end":{"line":194,"column":10}},"loc":{"start":{"line":194,"column":56},"end":{"line":200,"column":3}}},"26":{"name":"getControllerMetadata","decl":{"start":{"line":203,"column":16},"end":{"line":203,"column":37}},"loc":{"start":{"line":203,"column":49},"end":{"line":215,"column":1}}},"27":{"name":"getRouteMetadata","decl":{"start":{"line":217,"column":16},"end":{"line":217,"column":32}},"loc":{"start":{"line":217,"column":44},"end":{"line":230,"column":1}}},"28":{"name":"(anonymous_28)","decl":{"start":{"line":221,"column":20},"end":{"line":221,"column":21}},"loc":{"start":{"line":221,"column":30},"end":{"line":229,"column":3}}},"29":{"name":"(anonymous_29)","decl":{"start":{"line":222,"column":48},"end":{"line":222,"column":49}},"loc":{"start":{"line":222,"column":58},"end":{"line":222,"column":88}}}},"branchMap":{"0":{"loc":{"start":{"line":31,"column":18},"end":{"line":31,"column":29}},"type":"binary-expr","locations":[{"start":{"line":31,"column":18},"end":{"line":31,"column":23}},{"start":{"line":31,"column":27},"end":{"line":31,"column":29}}]},"1":{"loc":{"start":{"line":32,"column":2},"end":{"line":34,"column":3}},"type":"if","locations":[{"start":{"line":32,"column":2},"end":{"line":34,"column":3}},{"start":{},"end":{}}]},"2":{"loc":{"start":{"line":32,"column":6},"end":{"line":32,"column":31}},"type":"binary-expr","locations":[{"start":{"line":32,"column":6},"end":{"line":32,"column":13}},{"start":{"line":32,"column":17},"end":{"line":32,"column":31}}]},"3":{"loc":{"start":{"line":35,"column":27},"end":{"line":35,"column":73}},"type":"cond-expr","locations":[{"start":{"line":35,"column":52},"end":{"line":35,"column":58}},{"start":{"line":35,"column":61},"end":{"line":35,"column":73}}]},"4":{"loc":{"start":{"line":36,"column":9},"end":{"line":38,"column":22}},"type":"cond-expr","locations":[{"start":{"line":37,"column":6},"end":{"line":37,"column":35}},{"start":{"line":38,"column":6},"end":{"line":38,"column":22}}]},"5":{"loc":{"start":{"line":45,"column":9},"end":{"line":45,"column":32}},"type":"binary-expr","locations":[{"start":{"line":45,"column":9},"end":{"line":45,"column":13}},{"start":{"line":45,"column":17},"end":{"line":45,"column":32}}]},"6":{"loc":{"start":{"line":56,"column":9},"end":{"line":56,"column":22}},"type":"binary-expr","locations":[{"start":{"line":56,"column":9},"end":{"line":56,"column":16}},{"start":{"line":56,"column":20},"end":{"line":56,"column":22}}]},"7":{"loc":{"start":{"line":66,"column":2},"end":{"line":70,"column":3}},"type":"if","locations":[{"start":{"line":66,"column":2},"end":{"line":70,"column":3}},{"start":{},"end":{}}]},"8":{"loc":{"start":{"line":112,"column":2},"end":{"line":114,"column":3}},"type":"if","locations":[{"start":{"line":112,"column":2},"end":{"line":114,"column":3}},{"start":{},"end":{}}]},"9":{"loc":{"start":{"line":115,"column":9},"end":{"line":115,"column":28}},"type":"binary-expr","locations":[{"start":{"line":115,"column":9},"end":{"line":115,"column":22}},{"start":{"line":115,"column":26},"end":{"line":115,"column":28}}]},"10":{"loc":{"start":{"line":119,"column":10},"end":{"line":119,"column":51}},"type":"default-arg","locations":[{"start":{"line":119,"column":49},"end":{"line":119,"column":51}}]},"11":{"loc":{"start":{"line":123,"column":8},"end":{"line":123,"column":65}},"type":"binary-expr","locations":[{"start":{"line":123,"column":8},"end":{"line":123,"column":59}},{"start":{"line":123,"column":63},"end":{"line":123,"column":65}}]},"12":{"loc":{"start":{"line":131,"column":6},"end":{"line":133,"column":7}},"type":"if","locations":[{"start":{"line":131,"column":6},"end":{"line":133,"column":7}},{"start":{},"end":{}}]},"13":{"loc":{"start":{"line":134,"column":6},"end":{"line":136,"column":7}},"type":"if","locations":[{"start":{"line":134,"column":6},"end":{"line":136,"column":7}},{"start":{},"end":{}}]},"14":{"loc":{"start":{"line":137,"column":6},"end":{"line":139,"column":7}},"type":"if","locations":[{"start":{"line":137,"column":6},"end":{"line":139,"column":7}},{"start":{},"end":{}}]},"15":{"loc":{"start":{"line":144,"column":27},"end":{"line":144,"column":73}},"type":"default-arg","locations":[{"start":{"line":144,"column":71},"end":{"line":144,"column":73}}]},"16":{"loc":{"start":{"line":146,"column":4},"end":{"line":146,"column":79}},"type":"cond-expr","locations":[{"start":{"line":146,"column":40},"end":{"line":146,"column":63}},{"start":{"line":146,"column":66},"end":{"line":146,"column":79}}]},"17":{"loc":{"start":{"line":156,"column":4},"end":{"line":158,"column":5}},"type":"if","locations":[{"start":{"line":156,"column":4},"end":{"line":158,"column":5}},{"start":{},"end":{}}]},"18":{"loc":{"start":{"line":159,"column":4},"end":{"line":161,"column":5}},"type":"if","locations":[{"start":{"line":159,"column":4},"end":{"line":161,"column":5}},{"start":{},"end":{}}]},"19":{"loc":{"start":{"line":162,"column":4},"end":{"line":164,"column":5}},"type":"if","locations":[{"start":{"line":162,"column":4},"end":{"line":164,"column":5}},{"start":{},"end":{}}]},"20":{"loc":{"start":{"line":175,"column":4},"end":{"line":178,"column":5}},"type":"if","locations":[{"start":{"line":175,"column":4},"end":{"line":178,"column":5}},{"start":{},"end":{}}]},"21":{"loc":{"start":{"line":185,"column":4},"end":{"line":188,"column":5}},"type":"if","locations":[{"start":{"line":185,"column":4},"end":{"line":188,"column":5}},{"start":{},"end":{}}]},"22":{"loc":{"start":{"line":195,"column":4},"end":{"line":198,"column":5}},"type":"if","locations":[{"start":{"line":195,"column":4},"end":{"line":198,"column":5}},{"start":{},"end":{}}]},"23":{"loc":{"start":{"line":205,"column":2},"end":{"line":207,"column":3}},"type":"if","locations":[{"start":{"line":205,"column":2},"end":{"line":207,"column":3}},{"start":{},"end":{}}]},"24":{"loc":{"start":{"line":219,"column":4},"end":{"line":219,"column":49}},"type":"binary-expr","locations":[{"start":{"line":219,"column":4},"end":{"line":219,"column":43}},{"start":{"line":219,"column":47},"end":{"line":219,"column":49}}]},"25":{"loc":{"start":{"line":225,"column":24},"end":{"line":225,"column":57}},"type":"binary-expr","locations":[{"start":{"line":225,"column":24},"end":{"line":225,"column":51}},{"start":{"line":225,"column":55},"end":{"line":225,"column":57}}]},"26":{"loc":{"start":{"line":226,"column":19},"end":{"line":226,"column":47}},"type":"binary-expr","locations":[{"start":{"line":226,"column":19},"end":{"line":226,"column":41}},{"start":{"line":226,"column":45},"end":{"line":226,"column":47}}]},"27":{"loc":{"start":{"line":227,"column":18},"end":{"line":227,"column":45}},"type":"binary-expr","locations":[{"start":{"line":227,"column":18},"end":{"line":227,"column":39}},{"start":{"line":227,"column":43},"end":{"line":227,"column":45}}]}},"s":{"0":1,"1":1,"2":1,"3":1,"4":1,"5":1,"6":1,"7":1,"8":2,"9":1,"10":5,"11":5,"12":1,"13":4,"14":4,"15":1,"16":7,"17":7,"18":1,"19":6,"20":1,"21":4,"22":4,"23":1,"24":1,"25":1,"26":3,"27":3,"28":2,"29":3,"30":1,"31":1,"32":1,"33":3,"34":1,"35":2,"36":2,"37":2,"38":1,"39":2,"40":2,"41":2,"42":1,"43":2,"44":2,"45":2,"46":1,"47":1,"48":1,"49":1,"50":1,"51":1,"52":1,"53":1,"54":1,"55":1,"56":4,"57":3,"58":1,"59":1,"60":4,"61":4,"62":4,"63":4,"64":4,"65":4,"66":4,"67":1,"68":4,"69":1,"70":4,"71":1,"72":1,"73":1,"74":1,"75":1,"76":1,"77":1,"78":1,"79":1,"80":1,"81":1,"82":1,"83":1,"84":1,"85":1,"86":1,"87":1,"88":1,"89":0,"90":1,"91":1,"92":1,"93":1,"94":0,"95":1,"96":1,"97":1,"98":1,"99":0,"100":1,"101":1,"102":0,"103":1,"104":1,"105":1,"106":1,"107":1,"108":4,"109":4,"110":4},"f":{"0":2,"1":5,"2":7,"3":6,"4":4,"5":1,"6":3,"7":2,"8":2,"9":2,"10":2,"11":1,"12":1,"13":1,"14":4,"15":4,"16":4,"17":4,"18":1,"19":1,"20":1,"21":1,"22":1,"23":1,"24":1,"25":1,"26":1,"27":1,"28":4,"29":4},"b":{"0":[5,0],"1":[1,4],"2":[5,5],"3":[3,1],"4":[0,4],"5":[7,1],"6":[4,1],"7":[1,2],"8":[3,1],"9":[1,0],"10":[0],"11":[4,1],"12":[1,3],"13":[1,3],"14":[1,3],"15":[0],"16":[0,1],"17":[1,0],"18":[1,0],"19":[1,0],"20":[1,0],"21":[1,0],"22":[1,0],"23":[0,1],"24":[1,0],"25":[4,3],"26":[4,3],"27":[4,3]}}
,"/mnt/e/proyectos/xTaskJS/code/src/packages/common/src/logger/logger.ts": {"path":"/mnt/e/proyectos/xTaskJS/code/src/packages/common/src/logger/logger.ts","statementMap":{"0":{"start":{"line":1,"column":0},"end":{"line":1,"column":59}},"1":{"start":{"line":2,"column":0},"end":{"line":2,"column":63}},"2":{"start":{"line":5,"column":7},"end":{"line":26,"column":null}},"3":{"start":{"line":11,"column":4},"end":{"line":11,"column":38}},"4":{"start":{"line":16,"column":8},"end":{"line":16,"column":40}},"5":{"start":{"line":20,"column":8},"end":{"line":20,"column":41}},"6":{"start":{"line":24,"column":8},"end":{"line":24,"column":43}},"7":{"start":{"line":5,"column":13},"end":{"line":5,"column":19}},"8":{"start":{"line":10,"column":2},"end":{"line":12,"column":null}},"9":{"start":{"line":5,"column":13},"end":{"line":26,"column":null}}},"fnMap":{"0":{"name":"(anonymous_2)","decl":{"start":{"line":7,"column":4},"end":{"line":7,"column":19}},"loc":{"start":{"line":7,"column":4},"end":{"line":7,"column":20}}},"1":{"name":"(anonymous_3)","decl":{"start":{"line":10,"column":2},"end":{"line":10,"column":6}},"loc":{"start":{"line":10,"column":6},"end":{"line":12,"column":3}}},"2":{"name":"(anonymous_4)","decl":{"start":{"line":15,"column":4},"end":{"line":15,"column":8}},"loc":{"start":{"line":15,"column":24},"end":{"line":17,"column":5}}},"3":{"name":"(anonymous_5)","decl":{"start":{"line":19,"column":4},"end":{"line":19,"column":8}},"loc":{"start":{"line":19,"column":24},"end":{"line":21,"column":5}}},"4":{"name":"(anonymous_6)","decl":{"start":{"line":23,"column":4},"end":{"line":23,"column":9}},"loc":{"start":{"line":23,"column":25},"end":{"line":25,"column":5}}}},"branchMap":{},"s":{"0":1,"1":1,"2":1,"3":0,"4":1,"5":0,"6":0,"7":1,"8":1,"9":1},"f":{"0":1,"1":0,"2":1,"3":0,"4":0},"b":{}}
}
