TN:
SF:src/decorators/core/server/constants.ts
FNF:0
FNH:0
DA:1,1
DA:2,1
DA:3,1
DA:4,1
DA:5,1
DA:6,1
LF:6
LH:6
BRF:0
BRH:0
end_of_record
TN:
SF:src/decorators/core/server/controller.ts
FN:24,(anonymous_0)
FN:30,(anonymous_1)
FN:41,(anonymous_2)
FN:48,(anonymous_3)
FN:52,(anonymous_4)
FN:59,(anonymous_5)
FN:63,(anonymous_6)
FN:65,(anonymous_7)
FN:74,(anonymous_8)
FN:80,(anonymous_9)
FN:86,(anonymous_10)
FN:92,(anonymous_11)
FN:101,(anonymous_12)
FN:106,(anonymous_13)
FN:111,(anonymous_14)
FN:118,(anonymous_15)
FN:119,(anonymous_16)
FN:121,(anonymous_17)
FN:144,Controller
FN:147,(anonymous_19)
FN:173,UseMiddlewares
FN:174,(anonymous_21)
FN:183,UseGuards
FN:184,(anonymous_23)
FN:193,UsePipes
FN:194,(anonymous_25)
FN:203,getControllerMetadata
FN:217,getRouteMetadata
FN:221,(anonymous_28)
FN:222,(anonymous_29)
FNF:30
FNH:30
FNDA:2,(anonymous_0)
FNDA:5,(anonymous_1)
FNDA:7,(anonymous_2)
FNDA:6,(anonymous_3)
FNDA:4,(anonymous_4)
FNDA:1,(anonymous_5)
FNDA:3,(anonymous_6)
FNDA:2,(anonymous_7)
FNDA:2,(anonymous_8)
FNDA:2,(anonymous_9)
FNDA:2,(anonymous_10)
FNDA:1,(anonymous_11)
FNDA:1,(anonymous_12)
FNDA:1,(anonymous_13)
FNDA:4,(anonymous_14)
FNDA:4,(anonymous_15)
FNDA:4,(anonymous_16)
FNDA:4,(anonymous_17)
FNDA:1,Controller
FNDA:1,(anonymous_19)
FNDA:1,UseMiddlewares
FNDA:1,(anonymous_21)
FNDA:1,UseGuards
FNDA:1,(anonymous_23)
FNDA:1,UsePipes
FNDA:1,(anonymous_25)
FNDA:1,getControllerMetadata
FNDA:1,getRouteMetadata
FNDA:4,(anonymous_28)
FNDA:4,(anonymous_29)
DA:1,1
DA:24,2
DA:30,1
DA:31,5
DA:32,5
DA:33,1
DA:35,4
DA:36,4
DA:41,1
DA:42,7
DA:45,7
DA:48,1
DA:49,6
DA:52,1
DA:53,4
DA:56,4
DA:59,1
DA:60,1
DA:63,1
DA:64,3
DA:65,3
DA:66,3
DA:67,1
DA:68,1
DA:69,1
DA:71,3
DA:74,1
DA:75,2
DA:76,2
DA:77,2
DA:80,1
DA:81,2
DA:82,2
DA:83,2
DA:86,1
DA:87,2
DA:88,2
DA:89,2
DA:92,1
DA:97,1
DA:98,1
DA:101,1
DA:102,1
DA:103,1
DA:106,1
DA:107,1
DA:108,1
DA:111,1
DA:112,4
DA:113,3
DA:115,1
DA:118,1
DA:119,4
DA:120,4
DA:121,4
DA:123,4
DA:124,4
DA:129,4
DA:131,4
DA:132,1
DA:134,4
DA:135,1
DA:137,4
DA:138,1
DA:144,1
DA:146,1
DA:147,1
DA:148,1
DA:156,1
DA:157,1
DA:159,1
DA:160,1
DA:162,1
DA:163,1
DA:168,1
DA:169,1
DA:170,1
DA:171,1
DA:173,1
DA:174,1
DA:175,1
DA:176,1
DA:177,1
DA:179,0
DA:183,1
DA:184,1
DA:185,1
DA:186,1
DA:187,1
DA:189,0
DA:193,1
DA:194,1
DA:195,1
DA:196,1
DA:197,1
DA:199,0
DA:203,1
DA:204,1
DA:205,1
DA:206,0
DA:208,1
DA:209,1
DA:217,1
DA:219,1
DA:220,1
DA:221,1
DA:222,4
DA:223,4
LF:108
LH:104
BRDA:31,0,0,5
BRDA:31,0,1,0
BRDA:32,1,0,1
BRDA:32,1,1,4
BRDA:32,2,0,5
BRDA:32,2,1,5
BRDA:35,3,0,3
BRDA:35,3,1,1
BRDA:36,4,0,0
BRDA:36,4,1,4
BRDA:45,5,0,7
BRDA:45,5,1,1
BRDA:56,6,0,4
BRDA:56,6,1,1
BRDA:66,7,0,1
BRDA:66,7,1,2
BRDA:112,8,0,3
BRDA:112,8,1,1
BRDA:115,9,0,1
BRDA:115,9,1,0
BRDA:119,10,0,0
BRDA:123,11,0,4
BRDA:123,11,1,1
BRDA:131,12,0,1
BRDA:131,12,1,3
BRDA:134,13,0,1
BRDA:134,13,1,3
BRDA:137,14,0,1
BRDA:137,14,1,3
BRDA:144,15,0,0
BRDA:146,16,0,0
BRDA:146,16,1,1
BRDA:156,17,0,1
BRDA:156,17,1,0
BRDA:159,18,0,1
BRDA:159,18,1,0
BRDA:162,19,0,1
BRDA:162,19,1,0
BRDA:175,20,0,1
BRDA:175,20,1,0
BRDA:185,21,0,1
BRDA:185,21,1,0
BRDA:195,22,0,1
BRDA:195,22,1,0
BRDA:205,23,0,0
BRDA:205,23,1,1
BRDA:219,24,0,1
BRDA:219,24,1,0
BRDA:225,25,0,4
BRDA:225,25,1,3
BRDA:226,26,0,4
BRDA:226,26,1,3
BRDA:227,27,0,4
BRDA:227,27,1,3
BRF:54
BRH:40
end_of_record
TN:
SF:src/logger/logger.ts
FN:7,(anonymous_2)
FN:10,(anonymous_3)
FN:15,(anonymous_4)
FN:19,(anonymous_5)
FN:23,(anonymous_6)
FNF:5
FNH:2
FNDA:1,(anonymous_2)
FNDA:0,(anonymous_3)
FNDA:1,(anonymous_4)
FNDA:0,(anonymous_5)
FNDA:0,(anonymous_6)
DA:1,1
DA:2,1
DA:5,1
DA:10,1
DA:11,0
DA:16,1
DA:20,0
DA:24,0
LF:8
LH:5
BRF:0
BRH:0
end_of_record
