TN:
SF:index.ts
FN:1,(empty-report)
FNF:1
FNH:0
FNDA:0,(empty-report)
DA:1,0
LF:1
LH:0
BRDA:1,0,0,0
BRF:1
BRH:0
end_of_record
TN:
SF:src/index.ts
FNF:0
FNH:0
DA:1,1
DA:3,1
DA:4,1
DA:5,1
DA:6,1
DA:7,1
LF:6
LH:6
BRF:0
BRH:0
end_of_record
TN:
SF:src/module.ts
FN:6,Module
FN:12,getModuleMetadata
FNF:2
FNH:2
FNDA:2,Module
FNDA:8,getModuleMetadata
DA:1,1
DA:4,1
DA:6,1
DA:7,2
DA:8,2
DA:9,2
DA:10,2
DA:12,1
DA:13,8
DA:14,8
LF:10
LH:10
BRDA:6,0,0,2
BRDA:7,1,0,2
BRDA:12,2,0,8
BRF:3
BRH:3
end_of_record
TN:
SF:src/test-factory.ts
FN:5,createTestingModule
FNF:1
FNH:1
FNDA:6,createTestingModule
DA:1,1
DA:4,1
DA:5,1
DA:6,6
DA:7,6
DA:8,1
LF:6
LH:6
BRDA:5,0,0,6
BRF:1
BRH:1
end_of_record
TN:
SF:src/testing-module.builder.ts
FN:25,asTokenName
FN:35,isClass
FN:39,isClassProvider
FN:43,isValueProvider
FN:47,isFactoryProvider
FN:51,<instance_members_initializer>
FN:57,register
FN:72,has
FN:76,get
FN:89,destroy
FN:99,resolveToken
FN:114,resolveRecord
FN:142,toDescriptor
FN:170,createRecord
FN:187,factory
FN:198,factory
FN:210,classRecord
FN:215,factory
FN:219,instantiateClass
FN:247,injectAutoWiredProperties
FN:263,resolveScope
FN:274,<instance_members_initializer>
FN:275,ProviderOverrideBuilder
FN:280,useValue
FN:285,useClass
FN:290,useFactory
FN:300,<instance_members_initializer>
FN:303,TestingModuleBuilder
FN:305,overrideProvider
FN:309,setOverride
FN:313,compile
FN:328,collectProviders
FN:345,resolveModuleMetadata
FNF:33
FNH:29
FNDA:0,asTokenName
FNDA:66,isClass
FNDA:16,isClassProvider
FNDA:8,isValueProvider
FNDA:5,isFactoryProvider
FNDA:6,<instance_members_initializer>
FNDA:28,register
FNDA:0,has
FNDA:13,get
FNDA:7,destroy
FNDA:13,resolveToken
FNDA:13,resolveRecord
FNDA:28,toDescriptor
FNDA:28,createRecord
FNDA:0,factory
FNDA:2,factory
FNDA:20,classRecord
FNDA:7,factory
FNDA:7,instantiateClass
FNDA:7,injectAutoWiredProperties
FNDA:5,resolveScope
FNDA:2,<instance_members_initializer>
FNDA:2,ProviderOverrideBuilder
FNDA:1,useValue
FNDA:0,useClass
FNDA:1,useFactory
FNDA:6,<instance_members_initializer>
FNDA:6,TestingModuleBuilder
FNDA:2,overrideProvider
FNDA:2,setOverride
FNDA:6,compile
FNDA:10,collectProviders
FNDA:10,resolveModuleMetadata
DA:1,1
DA:25,1
DA:26,0
DA:27,0
DA:28,0
DA:29,0
DA:30,0
DA:31,0
DA:32,0
DA:33,0
DA:35,1
DA:36,66
DA:37,66
DA:39,1
DA:40,16
DA:41,16
DA:43,1
DA:44,8
DA:45,8
DA:47,1
DA:48,5
DA:49,5
DA:51,1
DA:52,6
DA:53,6
DA:54,6
DA:55,6
DA:57,6
DA:58,28
DA:59,28
DA:61,28
DA:63,28
DA:64,6
DA:65,6
DA:67,28
DA:68,0
DA:69,0
DA:70,28
DA:72,6
DA:73,0
DA:74,0
DA:76,6
DA:77,13
DA:78,13
DA:79,0
DA:80,0
DA:81,0
DA:82,0
DA:83,0
DA:84,0
DA:86,13
DA:87,13
DA:89,6
DA:90,7
DA:91,1
DA:92,1
DA:93,7
DA:94,7
DA:95,7
DA:96,7
DA:97,7
DA:99,6
DA:100,13
DA:101,13
DA:102,13
DA:104,0
DA:105,0
DA:106,0
DA:107,0
DA:108,0
DA:109,0
DA:111,0
DA:112,0
DA:114,6
DA:115,13
DA:116,13
DA:117,0
DA:118,0
DA:120,13
DA:121,4
DA:122,4
DA:124,13
DA:125,0
DA:126,0
DA:127,0
DA:129,9
DA:130,9
DA:131,9
DA:132,9
DA:133,9
DA:134,9
DA:135,9
DA:136,9
DA:137,9
DA:138,9
DA:139,9
DA:140,13
DA:142,6
DA:143,28
DA:144,20
DA:145,20
DA:146,20
DA:147,20
DA:148,20
DA:149,20
DA:151,8
DA:152,28
DA:153,0
DA:154,0
DA:156,28
DA:157,0
DA:158,0
DA:159,0
DA:160,0
DA:161,0
DA:162,0
DA:164,8
DA:165,8
DA:166,8
DA:167,8
DA:168,8
DA:170,6
DA:171,28
DA:173,28
DA:174,20
DA:175,20
DA:176,20
DA:178,28
DA:179,0
DA:180,0
DA:181,0
DA:183,28
DA:184,3
DA:185,3
DA:186,3
DA:187,3
DA:188,3
DA:189,3
DA:190,3
DA:191,3
DA:193,5
DA:194,5
DA:195,5
DA:196,5
DA:197,5
DA:198,5
DA:199,2
DA:200,2
DA:201,2
DA:202,2
DA:203,5
DA:204,5
DA:205,5
DA:207,0
DA:208,0
DA:210,6
DA:211,20
DA:212,20
DA:213,20
DA:214,20
DA:215,20
DA:216,20
DA:217,20
DA:219,6
DA:220,7
DA:221,7
DA:223,7
DA:224,3
DA:225,3
DA:226,1
DA:227,1
DA:228,2
DA:229,2
DA:231,7
DA:232,7
DA:234,7
DA:235,7
DA:236,1
DA:237,1
DA:239,7
DA:240,7
DA:241,1
DA:242,1
DA:244,7
DA:245,7
DA:247,6
DA:248,7
DA:249,7
DA:250,1
DA:251,1
DA:252,1
DA:253,1
DA:254,0
DA:255,0
DA:256,0
DA:257,0
DA:258,0
DA:259,0
DA:260,1
DA:261,7
DA:263,6
DA:264,5
DA:265,0
DA:266,0
DA:267,5
DA:268,0
DA:269,0
DA:270,5
DA:271,5
DA:272,6
DA:274,1
DA:275,2
DA:276,2
DA:277,2
DA:278,2
DA:280,2
DA:281,1
DA:282,1
DA:283,1
DA:285,2
DA:286,0
DA:287,0
DA:288,0
DA:290,2
DA:291,1
DA:292,1
DA:293,1
DA:294,1
DA:295,1
DA:296,1
DA:297,1
DA:298,2
DA:300,1
DA:301,6
DA:303,6
DA:305,6
DA:306,2
DA:307,2
DA:309,6
DA:310,2
DA:311,2
DA:313,6
DA:314,6
DA:315,6
DA:317,6
DA:318,26
DA:319,26
DA:321,6
DA:322,2
DA:323,2
DA:325,6
DA:326,6
DA:328,6
DA:329,10
DA:330,10
DA:331,10
DA:332,10
DA:333,10
DA:335,10
DA:336,10
DA:337,4
DA:338,4
DA:339,4
DA:341,10
DA:342,10
DA:343,10
DA:345,6
DA:346,10
DA:347,10
DA:348,10
DA:349,10
DA:350,2
DA:351,2
DA:353,10
DA:354,0
DA:355,0
DA:357,8
DA:358,8
DA:359,10
DA:360,0
DA:361,0
DA:363,8
DA:364,8
DA:365,6
LF:284
LH:223
BRDA:35,0,0,66
BRDA:39,1,0,16
BRDA:43,2,0,8
BRDA:47,3,0,5
BRDA:51,4,0,6
BRDA:57,5,0,28
BRDA:63,6,0,6
BRDA:67,7,0,20
BRDA:67,8,0,0
BRDA:76,9,0,13
BRDA:78,10,0,0
BRDA:89,11,0,7
BRDA:90,12,0,1
BRDA:99,13,0,13
BRDA:102,14,0,0
BRDA:114,15,0,13
BRDA:116,16,0,0
BRDA:120,17,0,4
BRDA:122,18,0,9
BRDA:124,19,0,0
BRDA:127,20,0,9
BRDA:142,21,0,28
BRDA:143,22,0,20
BRDA:149,23,0,8
BRDA:152,24,0,0
BRDA:154,25,0,8
BRDA:156,26,0,0
BRDA:162,27,0,8
BRDA:170,28,0,28
BRDA:173,29,0,20
BRDA:174,30,0,0
BRDA:176,31,0,8
BRDA:178,32,0,0
BRDA:181,33,0,8
BRDA:183,34,0,3
BRDA:191,35,0,5
BRDA:205,36,0,0
BRDA:198,37,0,2
BRDA:199,38,0,1
BRDA:200,39,0,1
BRDA:210,40,0,20
BRDA:215,41,0,7
BRDA:219,42,0,7
BRDA:220,43,0,4
BRDA:221,44,0,6
BRDA:235,45,0,1
BRDA:235,46,0,1
BRDA:240,47,0,1
BRDA:240,48,0,1
BRDA:223,49,0,3
BRDA:225,50,0,1
BRDA:227,51,0,2
BRDA:241,52,0,1
BRDA:247,53,0,7
BRDA:249,54,0,1
BRDA:251,55,0,0
BRDA:253,56,0,0
BRDA:263,57,0,5
BRDA:264,58,0,0
BRDA:267,59,0,0
BRDA:274,60,0,2
BRDA:275,61,0,2
BRDA:280,62,0,1
BRDA:290,63,0,1
BRDA:300,64,0,6
BRDA:303,65,0,6
BRDA:305,66,0,2
BRDA:309,67,0,2
BRDA:313,68,0,6
BRDA:317,69,0,26
BRDA:321,70,0,2
BRDA:328,71,0,10
BRDA:335,72,0,6
BRDA:336,73,0,4
BRDA:341,74,0,0
BRDA:345,75,0,10
BRDA:349,76,0,2
BRDA:351,77,0,8
BRDA:353,78,0,0
BRDA:355,79,0,8
BRDA:359,80,0,0
BRDA:361,81,0,8
BRF:82
BRH:65
end_of_record
TN:
SF:src/testing-module.ts
FN:9,<instance_members_initializer>
FN:10,TestingModule
FN:12,get
FN:16,resolve
FN:20,has
FN:24,close
FNF:6
FNH:4
FNDA:6,<instance_members_initializer>
FNDA:6,TestingModule
FNDA:8,get
FNDA:0,resolve
FNDA:0,has
FNDA:7,close
DA:9,1
DA:10,6
DA:12,6
DA:13,8
DA:14,8
DA:16,6
DA:17,0
DA:18,0
DA:20,6
DA:21,0
DA:22,0
DA:24,6
DA:25,7
DA:26,7
DA:27,7
DA:28,6
LF:16
LH:12
BRDA:9,0,0,6
BRDA:10,1,0,6
BRDA:12,2,0,8
BRDA:24,3,0,7
BRF:4
BRH:4
end_of_record
TN:
SF:src/types.ts
FNF:0
FNH:0
DA:57,1
LF:1
LH:1
BRF:0
BRH:0
end_of_record
